#
# A fatal error has been detected by the Java Runtime Environment:
#
#  SIGSEGV (0xb) at pc=0x00007fffc9e3143c, pid=13823, tid=0x0000000000005a07
#
# JRE version: Java(TM) SE Runtime Environment (8.0_144-b01) (build 1.8.0_144-b01)
# Java VM: Java HotSpot(TM) 64-Bit Server VM (25.144-b01 mixed mode bsd-amd64 compressed oops)
# Problematic frame:
# C  [libsystem_pthread.dylib+0x643c]  pthread_kill+0x3f
#
# Failed to write core dump. Core dumps have been disabled. To enable core dumping, try "ulimit -c unlimited" before starting Java again
#
# If you would like to submit a bug report, please visit:
#   http://bugreport.java.com/bugreport/crash.jsp
# The crash happened outside the Java Virtual Machine in native code.
# See problematic frame for where to report the bug.
#

---------------  T H R E A D  ---------------

Current thread (0x00007fc6a09d1800):  JavaThread "Thread-11" [_thread_in_native, id=23047, stack(0x0000700010bc7000,0x0000700010cc7000)]

siginfo: si_signo: 11 (SIGSEGV), si_code: 1 (SEGV_MAPERR), si_addr: 0x0000700011dfa018

Registers:
RAX=0x0000000000000003, RBX=0x0000000000000017, RCX=0x000000000c000000, RDX=0x0000000000000000
RSP=0x0000700010cc6000, RBP=0x0000700010cc6020, RSI=0x00007fffd2b2c308, RDI=0x0000000001000002
R8 =0x0000000000000006, R9 =0x00007fc6a2a21150, R10=0x0000000000000000, R11=0x0000000000000246
R12=0x0000000000000000, R13=0x000000010b3786c8, R14=0x0000700011dfa000, R15=0x00007fc6a09d1800
RIP=0x00007fffc9e3143c, EFLAGS=0x0000000000010246, ERR=0x0000000000000004
  TRAPNO=0x000000000000000e

Top of Stack: (sp=0x0000700010cc6000)
0x0000700010cc6000:   0000000000000017 00007b0311dfa000
0x0000700010cc6010:   00007fc6a09d19f8 0000700010cc60d0
0x0000700010cc6020:   0000700010cc6040 000000010a9bbed9
0x0000700010cc6030:   0000700010cc60a8 000000010b3786c8
0x0000700010cc6040:   0000700010cc60a8 000000010b5cf9f4
0x0000700010cc6050:   0000700010cc60a8 000000010b5cf787
0x0000700010cc6060:   000000010b5cf742 0000700010cc6068
0x0000700010cc6070:   000000010b3786c8 0000700010cc60d0
0x0000700010cc6080:   000000010b378860 0000000000000000
0x0000700010cc6090:   000000010b3786c8 0000000000000000
0x0000700010cc60a0:   0000700010cc60c8 0000700010cc6128
0x0000700010cc60b0:   000000010b5c02bd 0000000740552aa0
0x0000700010cc60c0:   000000010b5c9538 0000700011dfa000
0x0000700010cc60d0:   000000079bcc3f08 0000000000000009
0x0000700010cc60e0:   000000079bcc3fd8 0000700010cc60d8
0x0000700010cc60f0:   000000011c57500d 0000700010cc6158
0x0000700010cc6100:   000000011c69b028 0000000000000000
0x0000700010cc6110:   000000011c575050 0000700010cc60c8
0x0000700010cc6120:   0000700010cc6158 0000700010cc61a0
0x0000700010cc6130:   000000010b5c02bd 0000000000000000
0x0000700010cc6140:   0000700011dfa000 0000000000000000
0x0000700010cc6150:   000000079bcc3fd8 000000079bcc3f08
0x0000700010cc6160:   0000700010cc6160 000000011c56f961
0x0000700010cc6170:   0000700010cc61d8 000000011c56feb8
0x0000700010cc6180:   0000000000000000 000000011c56f9d0
0x0000700010cc6190:   0000700010cc6158 0000700010cc61d8
0x0000700010cc61a0:   0000700010cc6230 000000010b5c02bd
0x0000700010cc61b0:   0000000000000000 0000000000000000
0x0000700010cc61c0:   0000000000000000 0000000000000000
0x0000700010cc61d0:   0000000000000000 000000079bcc3f08
0x0000700010cc61e0:   000000079bcc3f68 000000079bcc3f68
0x0000700010cc61f0:   0000700010cc61e0 0000000109066357 

Instructions: (pc=0x00007fffc9e3143c)
0x00007fffc9e3141c:   00 00 48 8d 75 ec 31 d2 4c 89 f7 e8 ef de ff ff
0x00007fffc9e3142c:   89 c1 b8 03 00 00 00 85 c9 75 2c b9 00 00 00 0c
0x00007fffc9e3143c:   41 23 4e 18 b8 2d 00 00 00 81 f9 00 00 00 04 74
0x00007fffc9e3144c:   16 8b 7d ec 89 de e8 3b 1d 00 00 83 f8 ff 75 07 

Register to memory mapping:

RAX=0x0000000000000003 is an unknown value
RBX=0x0000000000000017 is an unknown value
RCX=0x000000000c000000 is an unknown value
RDX=0x0000000000000000 is an unknown value
RSP=0x0000700010cc6000 is pointing into the stack for thread: 0x00007fc6a09d1800
RBP=0x0000700010cc6020 is pointing into the stack for thread: 0x00007fc6a09d1800
RSI=0x00007fffd2b2c308: _pthread_list_lock+0 in /usr/lib/system/libsystem_pthread.dylib at 0x00007fffc9e2b000
RDI=0x0000000001000002 is an unknown value
R8 =0x0000000000000006 is an unknown value
R9 =0x00007fc6a2a21150 is an unknown value
R10=0x0000000000000000 is an unknown value
R11=0x0000000000000246 is an unknown value
R12=0x0000000000000000 is an unknown value
R13={method} {0x000000010b3786c8} 'signal' '(J)V' in 'sun/nio/ch/NativeThread'
R14=0x0000700011dfa000 is an unknown value
R15=0x00007fc6a09d1800 is a thread


Stack: [0x0000700010bc7000,0x0000700010cc7000],  sp=0x0000700010cc6000,  free space=1020k
Native frames: (J=compiled Java code, j=interpreted, Vv=VM code, C=native code)
C  [libsystem_pthread.dylib+0x643c]  pthread_kill+0x3f
C  [libnio.dylib+0x2ed9]  Java_sun_nio_ch_NativeThread_signal+0x19
j  sun.nio.ch.NativeThread.signal(J)V+0
j  sun.nio.ch.ServerSocketChannelImpl.implCloseSelectableChannel()V+37
j  java.nio.channels.spi.AbstractSelectableChannel.implCloseChannel()V+1
j  java.nio.channels.spi.AbstractInterruptibleChannel.close()V+23
j  sun.nio.ch.ServerSocketAdaptor.close()V+4
j  org.apache.tomcat.util.net.NioEndpoint.unbind()V+70
j  org.apache.tomcat.util.net.AbstractEndpoint.stop()V+15
j  org.apache.coyote.AbstractProtocol.stop()V+58
j  org.apache.catalina.connector.Connector.stopInternal()V+11
j  org.apache.catalina.util.LifecycleBase.stop()V+214
j  org.apache.catalina.core.StandardService.stopInternal()V+214
j  org.apache.catalina.util.LifecycleBase.stop()V+214
j  org.apache.catalina.core.StandardServer.stopInternal()V+31
j  org.apache.catalina.util.LifecycleBase.stop()V+214
j  org.apache.catalina.startup.Tomcat.stop()V+9
j  org.springframework.boot.web.embedded.tomcat.TomcatWebServer.stopTomcat()V+29
j  org.springframework.boot.web.embedded.tomcat.TomcatWebServer.stop()V+18
j  org.springframework.boot.web.servlet.context.ServletWebServerApplicationContext.stopAndReleaseWebServer()V+10
j  org.springframework.boot.web.servlet.context.ServletWebServerApplicationContext.onClose()V+5
j  org.springframework.context.support.AbstractApplicationContext.doClose()V+135
j  org.springframework.context.support.AbstractApplicationContext$1.run()V+14
v  ~StubRoutines::call_stub
V  [libjvm.dylib+0x2ee70a]
V  [libjvm.dylib+0x2eeeae]
V  [libjvm.dylib+0x2ef05a]
V  [libjvm.dylib+0x3497b1]
V  [libjvm.dylib+0x56c0b3]
V  [libjvm.dylib+0x56d7a0]
V  [libjvm.dylib+0x48baee]
C  [libsystem_pthread.dylib+0x393b]  _pthread_body+0xb4
C  [libsystem_pthread.dylib+0x3887]  _pthread_body+0x0
C  [libsystem_pthread.dylib+0x308d]  thread_start+0xd
C  0x0000000000000000

Java frames: (J=compiled Java code, j=interpreted, Vv=VM code)
j  sun.nio.ch.NativeThread.signal(J)V+0
j  sun.nio.ch.ServerSocketChannelImpl.implCloseSelectableChannel()V+37
j  java.nio.channels.spi.AbstractSelectableChannel.implCloseChannel()V+1
j  java.nio.channels.spi.AbstractInterruptibleChannel.close()V+23
j  sun.nio.ch.ServerSocketAdaptor.close()V+4
j  org.apache.tomcat.util.net.NioEndpoint.unbind()V+70
j  org.apache.tomcat.util.net.AbstractEndpoint.stop()V+15
j  org.apache.coyote.AbstractProtocol.stop()V+58
j  org.apache.catalina.connector.Connector.stopInternal()V+11
j  org.apache.catalina.util.LifecycleBase.stop()V+214
j  org.apache.catalina.core.StandardService.stopInternal()V+214
j  org.apache.catalina.util.LifecycleBase.stop()V+214
j  org.apache.catalina.core.StandardServer.stopInternal()V+31
j  org.apache.catalina.util.LifecycleBase.stop()V+214
j  org.apache.catalina.startup.Tomcat.stop()V+9
j  org.springframework.boot.web.embedded.tomcat.TomcatWebServer.stopTomcat()V+29
j  org.springframework.boot.web.embedded.tomcat.TomcatWebServer.stop()V+18
j  org.springframework.boot.web.servlet.context.ServletWebServerApplicationContext.stopAndReleaseWebServer()V+10
j  org.springframework.boot.web.servlet.context.ServletWebServerApplicationContext.onClose()V+5
j  org.springframework.context.support.AbstractApplicationContext.doClose()V+135
j  org.springframework.context.support.AbstractApplicationContext$1.run()V+14
v  ~StubRoutines::call_stub

---------------  P R O C E S S  ---------------

Java Threads: ( => current thread )
  0x00007fc6a1b63000 JavaThread "localhost-startStop-2" daemon [_thread_blocked, id=5131, stack(0x0000700010cca000,0x0000700010dca000)]
  0x00007fc6a10d8000 JavaThread "Tomcat-startStop-2" daemon [_thread_blocked, id=24839, stack(0x0000700010ac4000,0x0000700010bc4000)]
=>0x00007fc6a09d1800 JavaThread "Thread-11" [_thread_in_native, id=23047, stack(0x0000700010bc7000,0x0000700010cc7000)]
  0x00007fc6a10d7000 JavaThread "SIGINT handler" daemon [_thread_blocked, id=22835, stack(0x00007000108be000,0x00007000109be000)]
  0x00007fc6a136d000 JavaThread "DestroyJavaVM" [_thread_blocked, id=7171, stack(0x000070000f688000,0x000070000f788000)]
  0x00007fc6a135b800 JavaThread "http-nio-8080-AsyncTimeout" daemon [_thread_blocked, id=32003, stack(0x0000700011dfd000,0x0000700011efd000)]
  0x00007fc6a1364000 JavaThread "NioBlockingSelector.BlockPoller-1" daemon [_thread_in_native, id=4103, stack(0x000070000f4ff000,0x000070000f5ff000)]
  0x00007fc6a09de000 JavaThread "container-0" [_thread_blocked, id=25347, stack(0x0000700010fd3000,0x00007000110d3000)]
  0x00007fc6a091e800 JavaThread "RMI Scheduler(0)" daemon [_thread_blocked, id=22275, stack(0x00007000109c1000,0x0000700010ac1000)]
  0x00007fc6a223d800 JavaThread "RMI TCP Accept-0" daemon [_thread_in_native, id=20739, stack(0x00007000106b8000,0x00007000107b8000)]
  0x00007fc6a1104000 JavaThread "RMI TCP Accept-57369" daemon [_thread_in_native, id=20227, stack(0x00007000105b5000,0x00007000106b5000)]
  0x00007fc6a10ff000 JavaThread "RMI TCP Accept-0" daemon [_thread_in_native, id=19715, stack(0x00007000104b2000,0x00007000105b2000)]
  0x00007fc6a182a800 JavaThread "Service Thread" daemon [_thread_blocked, id=19203, stack(0x00007000103af000,0x00007000104af000)]
  0x00007fc6a08eb800 JavaThread "C1 CompilerThread2" daemon [_thread_blocked, id=18691, stack(0x00007000102ac000,0x00007000103ac000)]
  0x00007fc6a10dd000 JavaThread "C2 CompilerThread1" daemon [_thread_blocked, id=18179, stack(0x00007000101a9000,0x00007000102a9000)]
  0x00007fc6a08cf800 JavaThread "C2 CompilerThread0" daemon [_thread_blocked, id=17667, stack(0x00007000100a6000,0x00007000101a6000)]
  0x00007fc6a20ba800 JavaThread "Monitor Ctrl-Break" daemon [_thread_in_native, id=17155, stack(0x000070000ffa3000,0x00007000100a3000)]
  0x00007fc6a100b000 JavaThread "Signal Dispatcher" daemon [_thread_blocked, id=16643, stack(0x000070000fea0000,0x000070000ffa0000)]
  0x00007fc6a200b000 JavaThread "Finalizer" daemon [_thread_blocked, id=12547, stack(0x000070000fd9d000,0x000070000fe9d000)]
  0x00007fc6a200a000 JavaThread "Reference Handler" daemon [_thread_blocked, id=12035, stack(0x000070000fc9a000,0x000070000fd9a000)]

Other Threads:
  0x00007fc6a084c000 VMThread [stack: 0x000070000fb97000,0x000070000fc97000] [id=11523]
  0x00007fc6a191f800 WatcherThread [stack: 0x00007000107bb000,0x00007000108bb000] [id=21251]

VM state:not at safepoint (normal execution)

VM Mutex/Monitor currently owned by a thread: None

Heap:
 PSYoungGen      total 115712K, used 14213K [0x0000000795580000, 0x00000007a0f80000, 0x00000007c0000000)
  eden space 104448K, 2% used [0x0000000795580000,0x0000000795863dd8,0x000000079bb80000)
  from space 11264K, 99% used [0x000000079bb80000,0x000000079c67d7d0,0x000000079c680000)
  to   space 13312K, 0% used [0x00000007a0280000,0x00000007a0280000,0x00000007a0f80000)
 ParOldGen       total 55296K, used 12499K [0x0000000740000000, 0x0000000743600000, 0x0000000795580000)
  object space 55296K, 22% used [0x0000000740000000,0x0000000740c34ef0,0x0000000743600000)
 Metaspace       used 30112K, capacity 31574K, committed 31872K, reserved 1077248K
  class space    used 4075K, capacity 4365K, committed 4480K, reserved 1048576K

Card table byte_map: [0x0000000104167000,0x0000000104568000] byte_map_base: 0x0000000100767000

Marking Bits: (ParMarkBitMap*) 0x00000001036f35d0
 Begin Bits: [0x0000000104813000, 0x0000000106813000)
 End Bits:   [0x0000000106813000, 0x0000000108813000)

Polling page: 0x00000001024fb000

CodeCache: size=245760Kb used=7404Kb max_used=7405Kb free=238355Kb
 bounds [0x000000010b5b8000, 0x000000010bcf8000, 0x000000011a5b8000]
 total_blobs=3879 nmethods=3467 adapters=325
 compilation: enabled

Compilation events (10 events):
Event: 8050.341 Thread 0x00007fc6a08eb800 3464   !   1       sun.net.www.ParseUtil::decode (316 bytes)
Event: 8050.347 Thread 0x00007fc6a08eb800 nmethod 3464 0x000000010bcef650 code [0x000000010bcef9a0, 0x000000010bcf0ca8]
Event: 8050.354 Thread 0x00007fc6a08eb800 3465       1       java.lang.reflect.Field::getFieldAccessor (35 bytes)
Event: 8050.355 Thread 0x00007fc6a08eb800 nmethod 3465 0x000000010bcf2390 code [0x000000010bcf2500, 0x000000010bcf2668]
Event: 8050.358 Thread 0x00007fc6a08eb800 3466       1       java.util.Arrays::fill (21 bytes)
Event: 8050.358 Thread 0x00007fc6a08eb800 nmethod 3466 0x000000010bcf26d0 code [0x000000010bcf2840, 0x000000010bcf29d0]
Event: 8050.361 Thread 0x00007fc6a08eb800 3467       1       java.nio.ByteBuffer::arrayOffset (35 bytes)
Event: 8050.361 Thread 0x00007fc6a08eb800 nmethod 3467 0x000000010bcf2ad0 code [0x000000010bcf2c60, 0x000000010bcf2e58]
Event: 8050.466 Thread 0x00007fc6a08eb800 3468   !   1       java.io.FileInputStream::close (62 bytes)
Event: 8050.467 Thread 0x00007fc6a08eb800 nmethod 3468 0x000000010bcf2f50 code [0x000000010bcf30e0, 0x000000010bcf34d8]

GC Heap History (10 events):
Event: 3.476 GC heap before
{Heap before GC invocations=4 (full 0):
 PSYoungGen      total 38400K, used 29663K [0x0000000795580000, 0x000000079a080000, 0x00000007c0000000)
  eden space 33280K, 73% used [0x0000000795580000,0x0000000796d7b060,0x0000000797600000)
  from space 5120K, 99% used [0x0000000797600000,0x0000000797afce90,0x0000000797b00000)
  to   space 5120K, 0% used [0x0000000799b80000,0x0000000799b80000,0x000000079a080000)
 ParOldGen       total 87552K, used 2362K [0x0000000740000000, 0x0000000745580000, 0x0000000795580000)
  object space 87552K, 2% used [0x0000000740000000,0x000000074024e8f8,0x0000000745580000)
 Metaspace       used 20590K, capacity 21234K, committed 21296K, reserved 1067008K
  class space    used 2729K, capacity 2919K, committed 2944K, reserved 1048576K
Event: 3.493 GC heap after
Heap after GC invocations=4 (full 0):
 PSYoungGen      total 71680K, used 5088K [0x0000000795580000, 0x000000079a080000, 0x00000007c0000000)
  eden space 66560K, 0% used [0x0000000795580000,0x0000000795580000,0x0000000799680000)
  from space 5120K, 99% used [0x0000000799b80000,0x000000079a078020,0x000000079a080000)
  to   space 5120K, 0% used [0x0000000799680000,0x0000000799680000,0x0000000799b80000)
 ParOldGen       total 87552K, used 4635K [0x0000000740000000, 0x0000000745580000, 0x0000000795580000)
  object space 87552K, 5% used [0x0000000740000000,0x0000000740486cd8,0x0000000745580000)
 Metaspace       used 20590K, capacity 21234K, committed 21296K, reserved 1067008K
  class space    used 2729K, capacity 2919K, committed 2944K, reserved 1048576K
}
Event: 3.493 GC heap before
{Heap before GC invocations=5 (full 1):
 PSYoungGen      total 71680K, used 5088K [0x0000000795580000, 0x000000079a080000, 0x00000007c0000000)
  eden space 66560K, 0% used [0x0000000795580000,0x0000000795580000,0x0000000799680000)
  from space 5120K, 99% used [0x0000000799b80000,0x000000079a078020,0x000000079a080000)
  to   space 5120K, 0% used [0x0000000799680000,0x0000000799680000,0x0000000799b80000)
 ParOldGen       total 87552K, used 4635K [0x0000000740000000, 0x0000000745580000, 0x0000000795580000)
  object space 87552K, 5% used [0x0000000740000000,0x0000000740486cd8,0x0000000745580000)
 Metaspace       used 20590K, capacity 21234K, committed 21296K, reserved 1067008K
  class space    used 2729K, capacity 2919K, committed 2944K, reserved 1048576K
Event: 3.553 GC heap after
Heap after GC invocations=5 (full 1):
 PSYoungGen      total 71680K, used 0K [0x0000000795580000, 0x000000079a080000, 0x00000007c0000000)
  eden space 66560K, 0% used [0x0000000795580000,0x0000000795580000,0x0000000799680000)
  from space 5120K, 0% used [0x0000000799b80000,0x0000000799b80000,0x000000079a080000)
  to   space 5120K, 0% used [0x0000000799680000,0x0000000799680000,0x0000000799b80000)
 ParOldGen       total 55296K, used 7190K [0x0000000740000000, 0x0000000743600000, 0x0000000795580000)
  object space 55296K, 13% used [0x0000000740000000,0x00000007407059e0,0x0000000743600000)
 Metaspace       used 20590K, capacity 21234K, committed 21296K, reserved 1067008K
  class space    used 2729K, capacity 2919K, committed 2944K, reserved 1048576K
}
Event: 4.420 GC heap before
{Heap before GC invocations=6 (full 1):
 PSYoungGen      total 71680K, used 66560K [0x0000000795580000, 0x000000079a080000, 0x00000007c0000000)
  eden space 66560K, 100% used [0x0000000795580000,0x0000000799680000,0x0000000799680000)
  from space 5120K, 0% used [0x0000000799b80000,0x0000000799b80000,0x000000079a080000)
  to   space 5120K, 0% used [0x0000000799680000,0x0000000799680000,0x0000000799b80000)
 ParOldGen       total 55296K, used 7190K [0x0000000740000000, 0x0000000743600000, 0x0000000795580000)
  object space 55296K, 13% used [0x0000000740000000,0x00000007407059e0,0x0000000743600000)
 Metaspace       used 23711K, capacity 24562K, committed 24704K, reserved 1071104K
  class space    used 3187K, capacity 3377K, committed 3456K, reserved 1048576K
Event: 4.433 GC heap after
Heap after GC invocations=6 (full 1):
 PSYoungGen      total 71680K, used 5098K [0x0000000795580000, 0x000000079ce80000, 0x00000007c0000000)
  eden space 66560K, 0% used [0x0000000795580000,0x0000000795580000,0x0000000799680000)
  from space 5120K, 99% used [0x0000000799680000,0x0000000799b7ab60,0x0000000799b80000)
  to   space 8192K, 0% used [0x000000079c680000,0x000000079c680000,0x000000079ce80000)
 ParOldGen       total 55296K, used 8286K [0x0000000740000000, 0x0000000743600000, 0x0000000795580000)
  object space 55296K, 14% used [0x0000000740000000,0x0000000740817b30,0x0000000743600000)
 Metaspace       used 23711K, capacity 24562K, committed 24704K, reserved 1071104K
  class space    used 3187K, capacity 3377K, committed 3456K, reserved 1048576K
}
Event: 5.145 GC heap before
{Heap before GC invocations=7 (full 1):
 PSYoungGen      total 71680K, used 71658K [0x0000000795580000, 0x000000079ce80000, 0x00000007c0000000)
  eden space 66560K, 100% used [0x0000000795580000,0x0000000799680000,0x0000000799680000)
  from space 5120K, 99% used [0x0000000799680000,0x0000000799b7ab60,0x0000000799b80000)
  to   space 8192K, 0% used [0x000000079c680000,0x000000079c680000,0x000000079ce80000)
 ParOldGen       total 55296K, used 8286K [0x0000000740000000, 0x0000000743600000, 0x0000000795580000)
  object space 55296K, 14% used [0x0000000740000000,0x0000000740817b30,0x0000000743600000)
 Metaspace       used 27592K, capacity 28764K, committed 29056K, reserved 1075200K
  class space    used 3705K, capacity 3958K, committed 3968K, reserved 1048576K
Event: 5.173 GC heap after
Heap after GC invocations=7 (full 1):
 PSYoungGen      total 112640K, used 8191K [0x0000000795580000, 0x000000079d600000, 0x00000007c0000000)
  eden space 104448K, 0% used [0x0000000795580000,0x0000000795580000,0x000000079bb80000)
  from space 8192K, 99% used [0x000000079c680000,0x000000079ce7fd30,0x000000079ce80000)
  to   space 11264K, 0% used [0x000000079bb80000,0x000000079bb80000,0x000000079c680000)
 ParOldGen       total 55296K, used 12082K [0x0000000740000000, 0x0000000743600000, 0x0000000795580000)
  object space 55296K, 21% used [0x0000000740000000,0x0000000740bcc8c0,0x0000000743600000)
 Metaspace       used 27592K, capacity 28764K, committed 29056K, reserved 1075200K
  class space    used 3705K, capacity 3958K, committed 3968K, reserved 1048576K
}
Event: 8050.374 GC heap before
{Heap before GC invocations=8 (full 1):
 PSYoungGen      total 112640K, used 112639K [0x0000000795580000, 0x000000079d600000, 0x00000007c0000000)
  eden space 104448K, 100% used [0x0000000795580000,0x000000079bb80000,0x000000079bb80000)
  from space 8192K, 99% used [0x000000079c680000,0x000000079ce7fd30,0x000000079ce80000)
  to   space 11264K, 0% used [0x000000079bb80000,0x000000079bb80000,0x000000079c680000)
 ParOldGen       total 55296K, used 12082K [0x0000000740000000, 0x0000000743600000, 0x0000000795580000)
  object space 55296K, 21% used [0x0000000740000000,0x0000000740bcc8c0,0x0000000743600000)
 Metaspace       used 30109K, capacity 31574K, committed 31872K, reserved 1077248K
  class space    used 4074K, capacity 4365K, committed 4480K, reserved 1048576K
Event: 8050.462 GC heap after
Heap after GC invocations=8 (full 1):
 PSYoungGen      total 115712K, used 11253K [0x0000000795580000, 0x00000007a0f80000, 0x00000007c0000000)
  eden space 104448K, 0% used [0x0000000795580000,0x0000000795580000,0x000000079bb80000)
  from space 11264K, 99% used [0x000000079bb80000,0x000000079c67d7d0,0x000000079c680000)
  to   space 13312K, 0% used [0x00000007a0280000,0x00000007a0280000,0x00000007a0f80000)
 ParOldGen       total 55296K, used 12499K [0x0000000740000000, 0x0000000743600000, 0x0000000795580000)
  object space 55296K, 22% used [0x0000000740000000,0x0000000740c34ef0,0x0000000743600000)
 Metaspace       used 30109K, capacity 31574K, committed 31872K, reserved 1077248K
  class space    used 4074K, capacity 4365K, committed 4480K, reserved 1048576K
}

Deoptimization events (0 events):
No events

Internal exceptions (10 events):
Event: 5.734 Thread 0x00007fc6a1803800 Exception <a 'java/lang/ArrayIndexOutOfBoundsException'> (0x000000079a2ca2c0) thrown at [/Users/java_re/workspace/8-2-build-macosx-x86_64/jdk8u144/9417/hotspot/src/share/vm/runtime/sharedRuntime.cpp, line 605]
Event: 5.734 Thread 0x00007fc6a1803800 Exception <a 'java/lang/ArrayIndexOutOfBoundsException'> (0x000000079a2cc018) thrown at [/Users/java_re/workspace/8-2-build-macosx-x86_64/jdk8u144/9417/hotspot/src/share/vm/runtime/sharedRuntime.cpp, line 605]
Event: 5.754 Thread 0x00007fc6a1803800 Exception <a 'java/lang/ArrayIndexOutOfBoundsException'> (0x000000079a4616b0) thrown at [/Users/java_re/workspace/8-2-build-macosx-x86_64/jdk8u144/9417/hotspot/src/share/vm/runtime/sharedRuntime.cpp, line 605]
Event: 5.754 Thread 0x00007fc6a1803800 Exception <a 'java/lang/ArrayIndexOutOfBoundsException'> (0x000000079a462670) thrown at [/Users/java_re/workspace/8-2-build-macosx-x86_64/jdk8u144/9417/hotspot/src/share/vm/runtime/sharedRuntime.cpp, line 605]
Event: 8050.308 Thread 0x00007fc6a09d1800 Exception <a 'java/net/ConnectException'> (0x000000079b7c5fa0) thrown at [/Users/java_re/workspace/8-2-build-macosx-x86_64/jdk8u144/9417/hotspot/src/share/vm/prims/jni.cpp, line 709]
Event: 8050.309 Thread 0x00007fc6a09d1800 Exception <a 'java/security/PrivilegedActionException'> (0x000000079b7c61a8) thrown at [/Users/java_re/workspace/8-2-build-macosx-x86_64/jdk8u144/9417/hotspot/src/share/vm/prims/jvm.cpp, line 1390]
Event: 8050.310 Thread 0x00007fc6a2506800 Exception <a 'java/lang/InterruptedException': sleep interrupted> (0x000000079b49ea78) thrown at [/Users/java_re/workspace/8-2-build-macosx-x86_64/jdk8u144/9417/hotspot/src/share/vm/prims/jvm.cpp, line 3228]
Event: 8050.361 Thread 0x00007fc6a09d1800 Exception <a 'java/net/ConnectException'> (0x000000079b7d8380) thrown at [/Users/java_re/workspace/8-2-build-macosx-x86_64/jdk8u144/9417/hotspot/src/share/vm/prims/jni.cpp, line 709]
Event: 8050.361 Thread 0x00007fc6a09d1800 Exception <a 'java/security/PrivilegedActionException'> (0x000000079b7d8588) thrown at [/Users/java_re/workspace/8-2-build-macosx-x86_64/jdk8u144/9417/hotspot/src/share/vm/prims/jvm.cpp, line 1390]
Event: 8050.469 Thread 0x00007fc6a135b000 Exception <a 'java/io/IOException'> (0x00000007958386d0) thrown at [/Users/java_re/workspace/8-2-build-macosx-x86_64/jdk8u144/9417/hotspot/src/share/vm/prims/jni.cpp, line 709]

Events (10 events):
Event: 8050.466 Executing VM operation: RevokeBias
Event: 8050.466 Executing VM operation: RevokeBias done
Event: 8050.467 Thread 0x00007fc6a08eb800 flushing nmethod 0x000000010b6cd6d0
Event: 8050.469 loading class java/nio/channels/AsynchronousCloseException
Event: 8050.470 loading class java/nio/channels/ClosedChannelException
Event: 8050.470 loading class java/nio/channels/ClosedChannelException done
Event: 8050.470 loading class java/nio/channels/AsynchronousCloseException done
Event: 8050.471 Executing VM operation: RevokeBias
Event: 8050.471 Executing VM operation: RevokeBias done
Event: 8050.471 Thread 0x00007fc6a135b000 Thread exited: 0x00007fc6a135b000


Dynamic libraries:
0x000000003f083000 	/System/Library/Frameworks/Cocoa.framework/Versions/A/Cocoa
0x000000003f083000 	/System/Library/Frameworks/Security.framework/Versions/A/Security
0x000000003f083000 	/System/Library/Frameworks/ApplicationServices.framework/Versions/A/ApplicationServices
0x000000003f083000 	/usr/lib/libz.1.dylib
0x000000003f083000 	/usr/lib/libSystem.B.dylib
0x000000003f083000 	/usr/lib/libobjc.A.dylib
0x000000003f083000 	/System/Library/Frameworks/CoreFoundation.framework/Versions/A/CoreFoundation
0x000000003f083000 	/System/Library/Frameworks/Foundation.framework/Versions/C/Foundation
0x000000003f083000 	/System/Library/Frameworks/AppKit.framework/Versions/C/AppKit
0x000000003f083000 	/System/Library/Frameworks/CoreData.framework/Versions/A/CoreData
0x000000003f083000 	/System/Library/PrivateFrameworks/RemoteViewServices.framework/Versions/A/RemoteViewServices
0x000000003f083000 	/System/Library/PrivateFrameworks/UIFoundation.framework/Versions/A/UIFoundation
0x000000003f083000 	/System/Library/PrivateFrameworks/DFRFoundation.framework/Versions/A/DFRFoundation
0x000000003f083000 	/usr/lib/libenergytrace.dylib
0x000000003f083000 	/System/Library/PrivateFrameworks/SkyLight.framework/Versions/A/SkyLight
0x000000003f083000 	/System/Library/Frameworks/CoreGraphics.framework/Versions/A/CoreGraphics
0x000000003f083000 	/usr/lib/libScreenReader.dylib
0x000000003f083000 	/System/Library/Frameworks/Accelerate.framework/Versions/A/Accelerate
0x000000003f083000 	/System/Library/Frameworks/IOSurface.framework/Versions/A/IOSurface
0x000000003f083000 	/System/Library/Frameworks/AudioToolbox.framework/Versions/A/AudioToolbox
0x000000003f083000 	/System/Library/Frameworks/AudioUnit.framework/Versions/A/AudioUnit
0x000000003f083000 	/System/Library/PrivateFrameworks/DataDetectorsCore.framework/Versions/A/DataDetectorsCore
0x000000003f083000 	/System/Library/PrivateFrameworks/DesktopServicesPriv.framework/Versions/A/DesktopServicesPriv
0x000000003f083000 	/System/Library/Frameworks/Carbon.framework/Versions/A/Frameworks/HIToolbox.framework/Versions/A/HIToolbox
0x000000003f083000 	/usr/lib/libicucore.A.dylib
0x000000003f083000 	/System/Library/Frameworks/QuartzCore.framework/Versions/A/QuartzCore
0x000000003f083000 	/System/Library/Frameworks/Carbon.framework/Versions/A/Frameworks/SpeechRecognition.framework/Versions/A/SpeechRecognition
0x000000003f083000 	/usr/lib/libauto.dylib
0x000000003f083000 	/usr/lib/libxml2.2.dylib
0x000000003f083000 	/System/Library/PrivateFrameworks/CoreUI.framework/Versions/A/CoreUI
0x000000003f083000 	/System/Library/Frameworks/CoreAudio.framework/Versions/A/CoreAudio
0x000000003f083000 	/System/Library/Frameworks/DiskArbitration.framework/Versions/A/DiskArbitration
0x000000003f083000 	/usr/lib/liblangid.dylib
0x000000003f083000 	/System/Library/PrivateFrameworks/MultitouchSupport.framework/Versions/A/MultitouchSupport
0x000000003f083000 	/System/Library/Frameworks/IOKit.framework/Versions/A/IOKit
0x000000003f083000 	/usr/lib/libDiagnosticMessagesClient.dylib
0x000000003f083000 	/System/Library/Frameworks/CoreServices.framework/Versions/A/CoreServices
0x000000003f083000 	/System/Library/PrivateFrameworks/PerformanceAnalysis.framework/Versions/A/PerformanceAnalysis
0x000000003f083000 	/System/Library/PrivateFrameworks/GenerationalStorage.framework/Versions/A/GenerationalStorage
0x000000003f083000 	/System/Library/Frameworks/OpenGL.framework/Versions/A/OpenGL
0x000000003f083000 	/System/Library/Frameworks/CoreImage.framework/Versions/A/CoreImage
0x000000003f083000 	/System/Library/Frameworks/CoreText.framework/Versions/A/CoreText
0x000000003f083000 	/System/Library/Frameworks/ImageIO.framework/Versions/A/ImageIO
0x000000003f083000 	/System/Library/PrivateFrameworks/Backup.framework/Versions/A/Backup
0x000000003f083000 	/usr/lib/libarchive.2.dylib
0x000000003f083000 	/System/Library/Frameworks/CFNetwork.framework/Versions/A/CFNetwork
0x000000003f083000 	/System/Library/Frameworks/SystemConfiguration.framework/Versions/A/SystemConfiguration
0x000000003f083000 	/usr/lib/libCRFSuite.dylib
0x000000003f083000 	/usr/lib/libc++.1.dylib
0x000000003f083000 	/usr/lib/libc++abi.dylib
0x000000003f083000 	/usr/lib/system/libcache.dylib
0x000000003f083000 	/usr/lib/system/libcommonCrypto.dylib
0x000000003f083000 	/usr/lib/system/libcompiler_rt.dylib
0x000000003f083000 	/usr/lib/system/libcopyfile.dylib
0x000000003f083000 	/usr/lib/system/libcorecrypto.dylib
0x000000003f083000 	/usr/lib/system/libdispatch.dylib
0x000000003f083000 	/usr/lib/system/libdyld.dylib
0x000000003f083000 	/usr/lib/system/libkeymgr.dylib
0x000000003f083000 	/usr/lib/system/liblaunch.dylib
0x000000003f083000 	/usr/lib/system/libmacho.dylib
0x000000003f083000 	/usr/lib/system/libquarantine.dylib
0x000000003f083000 	/usr/lib/system/libremovefile.dylib
0x000000003f083000 	/usr/lib/system/libsystem_asl.dylib
0x000000003f083000 	/usr/lib/system/libsystem_blocks.dylib
0x000000003f083000 	/usr/lib/system/libsystem_c.dylib
0x000000003f083000 	/usr/lib/system/libsystem_configuration.dylib
0x000000003f083000 	/usr/lib/system/libsystem_coreservices.dylib
0x000000003f083000 	/usr/lib/system/libsystem_coretls.dylib
0x000000003f083000 	/usr/lib/system/libsystem_dnssd.dylib
0x000000003f083000 	/usr/lib/system/libsystem_info.dylib
0x000000003f083000 	/usr/lib/system/libsystem_kernel.dylib
0x000000003f083000 	/usr/lib/system/libsystem_m.dylib
0x000000003f083000 	/usr/lib/system/libsystem_malloc.dylib
0x000000003f083000 	/usr/lib/system/libsystem_network.dylib
0x000000003f083000 	/usr/lib/system/libsystem_networkextension.dylib
0x000000003f083000 	/usr/lib/system/libsystem_notify.dylib
0x000000003f083000 	/usr/lib/system/libsystem_platform.dylib
0x000000003f083000 	/usr/lib/system/libsystem_pthread.dylib
0x000000003f083000 	/usr/lib/system/libsystem_sandbox.dylib
0x000000003f083000 	/usr/lib/system/libsystem_secinit.dylib
0x000000003f083000 	/usr/lib/system/libsystem_symptoms.dylib
0x000000003f083000 	/usr/lib/system/libsystem_trace.dylib
0x000000003f083000 	/usr/lib/system/libunwind.dylib
0x000000003f083000 	/usr/lib/system/libxpc.dylib
0x000000003f083000 	/usr/lib/libbsm.0.dylib
0x000000003f083000 	/usr/lib/system/libkxld.dylib
0x000000003f083000 	/usr/lib/libcoretls.dylib
0x000000003f083000 	/usr/lib/libcoretls_cfhelpers.dylib
0x000000003f083000 	/usr/lib/libOpenScriptingUtil.dylib
0x000000003f083000 	/usr/lib/libpam.2.dylib
0x000000003f083000 	/usr/lib/libsqlite3.dylib
0x000000003f083000 	/usr/lib/libxar.1.dylib
0x000000003f083000 	/usr/lib/libbz2.1.0.dylib
0x000000003f083000 	/usr/lib/liblzma.5.dylib
0x000000003f083000 	/usr/lib/libnetwork.dylib
0x000000003f083000 	/usr/lib/libpcap.A.dylib
0x000000003f083000 	/System/Library/Frameworks/CoreServices.framework/Versions/A/Frameworks/FSEvents.framework/Versions/A/FSEvents
0x000000003f083000 	/System/Library/Frameworks/CoreServices.framework/Versions/A/Frameworks/CarbonCore.framework/Versions/A/CarbonCore
0x000000003f083000 	/System/Library/Frameworks/CoreServices.framework/Versions/A/Frameworks/Metadata.framework/Versions/A/Metadata
0x000000003f083000 	/System/Library/Frameworks/CoreServices.framework/Versions/A/Frameworks/OSServices.framework/Versions/A/OSServices
0x000000003f083000 	/System/Library/Frameworks/CoreServices.framework/Versions/A/Frameworks/SearchKit.framework/Versions/A/SearchKit
0x000000003f083000 	/System/Library/Frameworks/CoreServices.framework/Versions/A/Frameworks/AE.framework/Versions/A/AE
0x000000003f083000 	/System/Library/Frameworks/CoreServices.framework/Versions/A/Frameworks/LaunchServices.framework/Versions/A/LaunchServices
0x000000003f083000 	/System/Library/Frameworks/CoreServices.framework/Versions/A/Frameworks/DictionaryServices.framework/Versions/A/DictionaryServices
0x000000003f083000 	/System/Library/Frameworks/CoreServices.framework/Versions/A/Frameworks/SharedFileList.framework/Versions/A/SharedFileList
0x000000003f083000 	/System/Library/Frameworks/NetFS.framework/Versions/A/NetFS
0x000000003f083000 	/System/Library/PrivateFrameworks/NetAuth.framework/Versions/A/NetAuth
0x000000003f083000 	/System/Library/PrivateFrameworks/login.framework/Versions/A/Frameworks/loginsupport.framework/Versions/A/loginsupport
0x000000003f083000 	/System/Library/PrivateFrameworks/TCC.framework/Versions/A/TCC
0x000000003f083000 	/usr/lib/libmecabra.dylib
0x000000003f083000 	/System/Library/Frameworks/ApplicationServices.framework/Versions/A/Frameworks/ATS.framework/Versions/A/ATS
0x000000003f083000 	/System/Library/Frameworks/ApplicationServices.framework/Versions/A/Frameworks/ColorSync.framework/Versions/A/ColorSync
0x000000003f083000 	/System/Library/Frameworks/ApplicationServices.framework/Versions/A/Frameworks/HIServices.framework/Versions/A/HIServices
0x000000003f083000 	/System/Library/Frameworks/ApplicationServices.framework/Versions/A/Frameworks/LangAnalysis.framework/Versions/A/LangAnalysis
0x000000003f083000 	/System/Library/Frameworks/ApplicationServices.framework/Versions/A/Frameworks/PrintCore.framework/Versions/A/PrintCore
0x000000003f083000 	/System/Library/Frameworks/ApplicationServices.framework/Versions/A/Frameworks/QD.framework/Versions/A/QD
0x000000003f083000 	/System/Library/Frameworks/ApplicationServices.framework/Versions/A/Frameworks/SpeechSynthesis.framework/Versions/A/SpeechSynthesis
0x000000003f083000 	/System/Library/Frameworks/Accelerate.framework/Versions/A/Frameworks/vImage.framework/Versions/A/vImage
0x000000003f083000 	/System/Library/Frameworks/Accelerate.framework/Versions/A/Frameworks/vecLib.framework/Versions/A/vecLib
0x000000003f083000 	/System/Library/Frameworks/Accelerate.framework/Versions/A/Frameworks/vecLib.framework/Versions/A/libvDSP.dylib
0x000000003f083000 	/System/Library/Frameworks/Accelerate.framework/Versions/A/Frameworks/vecLib.framework/Versions/A/libBNNS.dylib
0x000000003f083000 	/System/Library/Frameworks/Accelerate.framework/Versions/A/Frameworks/vecLib.framework/Versions/A/libQuadrature.dylib
0x000000003f083000 	/System/Library/Frameworks/Accelerate.framework/Versions/A/Frameworks/vecLib.framework/Versions/A/libvMisc.dylib
0x000000003f083000 	/System/Library/Frameworks/Accelerate.framework/Versions/A/Frameworks/vecLib.framework/Versions/A/libLAPACK.dylib
0x000000003f083000 	/System/Library/Frameworks/Accelerate.framework/Versions/A/Frameworks/vecLib.framework/Versions/A/libBLAS.dylib
0x000000003f083000 	/System/Library/Frameworks/Accelerate.framework/Versions/A/Frameworks/vecLib.framework/Versions/A/libLinearAlgebra.dylib
0x000000003f083000 	/System/Library/Frameworks/Accelerate.framework/Versions/A/Frameworks/vecLib.framework/Versions/A/libSparseBLAS.dylib
0x000000003f083000 	/System/Library/Frameworks/ApplicationServices.framework/Versions/A/Frameworks/ATS.framework/Versions/A/Resources/libFontParser.dylib
0x000000003f083000 	/System/Library/Frameworks/ApplicationServices.framework/Versions/A/Frameworks/ATS.framework/Versions/A/Resources/libFontRegistry.dylib
0x000000003f083000 	/System/Library/Frameworks/ImageIO.framework/Versions/A/Resources/libJPEG.dylib
0x000000003f083000 	/System/Library/Frameworks/ImageIO.framework/Versions/A/Resources/libTIFF.dylib
0x000000003f083000 	/System/Library/Frameworks/ImageIO.framework/Versions/A/Resources/libPng.dylib
0x000000003f083000 	/System/Library/Frameworks/ImageIO.framework/Versions/A/Resources/libGIF.dylib
0x000000003f083000 	/System/Library/Frameworks/ImageIO.framework/Versions/A/Resources/libJP2.dylib
0x000000003f083000 	/System/Library/Frameworks/ImageIO.framework/Versions/A/Resources/libRadiance.dylib
0x000000003f083000 	/usr/lib/libcompression.dylib
0x000000003f083000 	/System/Library/PrivateFrameworks/AppleJPEG.framework/Versions/A/AppleJPEG
0x000000003f083000 	/usr/lib/libcups.2.dylib
0x000000003f083000 	/System/Library/Frameworks/Kerberos.framework/Versions/A/Kerberos
0x000000003f083000 	/System/Library/Frameworks/GSS.framework/Versions/A/GSS
0x000000003f083000 	/usr/lib/libresolv.9.dylib
0x000000003f083000 	/usr/lib/libiconv.2.dylib
0x000000003f083000 	/System/Library/PrivateFrameworks/Heimdal.framework/Versions/A/Heimdal
0x000000003f083000 	/usr/lib/libheimdal-asn1.dylib
0x000000003f083000 	/System/Library/Frameworks/OpenDirectory.framework/Versions/A/OpenDirectory
0x000000003f083000 	/System/Library/PrivateFrameworks/CommonAuth.framework/Versions/A/CommonAuth
0x000000003f083000 	/System/Library/Frameworks/OpenDirectory.framework/Versions/A/Frameworks/CFOpenDirectory.framework/Versions/A/CFOpenDirectory
0x000000003f083000 	/System/Library/Frameworks/SecurityFoundation.framework/Versions/A/SecurityFoundation
0x000000003f083000 	/System/Library/PrivateFrameworks/LanguageModeling.framework/Versions/A/LanguageModeling
0x000000003f083000 	/usr/lib/libmarisa.dylib
0x000000003f083000 	/usr/lib/libChineseTokenizer.dylib
0x000000003f083000 	/usr/lib/libcmph.dylib
0x000000003f083000 	/System/Library/PrivateFrameworks/CoreEmoji.framework/Versions/A/CoreEmoji
0x000000003f083000 	/System/Library/Frameworks/ServiceManagement.framework/Versions/A/ServiceManagement
0x000000003f083000 	/usr/lib/libxslt.1.dylib
0x000000003f083000 	/System/Library/Frameworks/Carbon.framework/Versions/A/Frameworks/Ink.framework/Versions/A/Ink
0x000000003f083000 	/System/Library/PrivateFrameworks/TextureIO.framework/Versions/A/TextureIO
0x000000003f083000 	/System/Library/Frameworks/Metal.framework/Versions/A/Metal
0x000000003f083000 	/usr/lib/libate.dylib
0x000000003f083000 	/System/Library/PrivateFrameworks/GPUCompiler.framework/libmetal_timestamp.dylib
0x000000003f083000 	/System/Library/Frameworks/OpenGL.framework/Versions/A/Libraries/libCoreFSCache.dylib
0x000000003f083000 	/System/Library/PrivateFrameworks/IOAccelerator.framework/Versions/A/IOAccelerator
0x000000003f083000 	/System/Library/Frameworks/CoreVideo.framework/Versions/A/CoreVideo
0x000000003f083000 	/usr/lib/libFosl_dynamic.dylib
0x000000003f083000 	/System/Library/PrivateFrameworks/MetalPerformanceShaders.framework/Versions/A/MetalPerformanceShaders
0x000000003f083000 	/System/Library/PrivateFrameworks/FaceCore.framework/Versions/A/FaceCore
0x000000003f083000 	/System/Library/Frameworks/OpenCL.framework/Versions/A/OpenCL
0x000000003f083000 	/System/Library/Frameworks/OpenGL.framework/Versions/A/Libraries/libGLU.dylib
0x000000003f083000 	/System/Library/Frameworks/OpenGL.framework/Versions/A/Libraries/libGFXShared.dylib
0x000000003f083000 	/System/Library/Frameworks/OpenGL.framework/Versions/A/Libraries/libGL.dylib
0x000000003f083000 	/System/Library/Frameworks/OpenGL.framework/Versions/A/Libraries/libGLImage.dylib
0x000000003f083000 	/System/Library/Frameworks/OpenGL.framework/Versions/A/Libraries/libCVMSPluginSupport.dylib
0x000000003f083000 	/System/Library/Frameworks/OpenGL.framework/Versions/A/Libraries/libCoreVMClient.dylib
0x000000003f083000 	/System/Library/PrivateFrameworks/CrashReporterSupport.framework/Versions/A/CrashReporterSupport
0x000000003f083000 	/System/Library/PrivateFrameworks/Sharing.framework/Versions/A/Sharing
0x000000003f083000 	/System/Library/PrivateFrameworks/IconServices.framework/Versions/A/IconServices
0x000000003f083000 	/System/Library/PrivateFrameworks/ProtocolBuffer.framework/Versions/A/ProtocolBuffer
0x000000003f083000 	/System/Library/PrivateFrameworks/Apple80211.framework/Versions/A/Apple80211
0x000000003f083000 	/System/Library/Frameworks/CoreWLAN.framework/Versions/A/CoreWLAN
0x000000003f083000 	/System/Library/PrivateFrameworks/CoreUtils.framework/Versions/A/CoreUtils
0x000000003f083000 	/System/Library/Frameworks/IOBluetooth.framework/Versions/A/IOBluetooth
0x000000003f083000 	/System/Library/PrivateFrameworks/CoreWiFi.framework/Versions/A/CoreWiFi
0x000000003f083000 	/System/Library/Frameworks/CoreBluetooth.framework/Versions/A/CoreBluetooth
0x000000003f083000 	/System/Library/Frameworks/CoreDisplay.framework/Versions/A/CoreDisplay
0x000000003f083000 	/System/Library/PrivateFrameworks/IOPresentment.framework/Versions/A/IOPresentment
0x000000003f083000 	/System/Library/PrivateFrameworks/DSExternalDisplay.framework/Versions/A/DSExternalDisplay
0x000000003f083000 	/System/Library/PrivateFrameworks/DebugSymbols.framework/Versions/A/DebugSymbols
0x000000003f083000 	/System/Library/PrivateFrameworks/CoreSymbolication.framework/Versions/A/CoreSymbolication
0x000000003f083000 	/System/Library/PrivateFrameworks/Symbolication.framework/Versions/A/Symbolication
0x000000003f083000 	/System/Library/PrivateFrameworks/AppleFSCompression.framework/Versions/A/AppleFSCompression
0x000000003f083000 	/System/Library/PrivateFrameworks/SpeechRecognitionCore.framework/Versions/A/SpeechRecognitionCore
0x000000003f083000 	/System/Library/PrivateFrameworks/ChunkingLibrary.framework/Versions/A/ChunkingLibrary
0x0000000102474000 	/System/Library/CoreServices/Encodings/libSimplifiedChineseConverter.dylib
0x0000000102e00000 	/Library/Java/JavaVirtualMachines/jdk1.8.0_144.jdk/Contents/Home/jre/lib/server/libjvm.dylib
0x000000003f083000 	/usr/lib/libstdc++.6.dylib
0x00000001024b8000 	/Library/Java/JavaVirtualMachines/jdk1.8.0_144.jdk/Contents/Home/jre/lib/libverify.dylib
0x00000001024c6000 	/Library/Java/JavaVirtualMachines/jdk1.8.0_144.jdk/Contents/Home/jre/lib/libjava.dylib
0x00000001024fc000 	/Library/Java/JavaVirtualMachines/jdk1.8.0_144.jdk/Contents/Home/jre/lib/libinstrument.dylib
0x000000010255a000 	/Library/Java/JavaVirtualMachines/jdk1.8.0_144.jdk/Contents/Home/jre/lib/libzip.dylib
0x00000001025e6000 	/System/Library/Frameworks/JavaVM.framework/Frameworks/JavaRuntimeSupport.framework/JavaRuntimeSupport
0x000000010a660000 	/System/Library/Frameworks/JavaVM.framework/Versions/A/Frameworks/JavaNativeFoundation.framework/Versions/A/JavaNativeFoundation
0x000000010a675000 	/System/Library/Frameworks/JavaVM.framework/Versions/A/JavaVM
0x000000003f083000 	/System/Library/Frameworks/Carbon.framework/Versions/A/Carbon
0x000000010a682000 	/System/Library/PrivateFrameworks/JavaLaunching.framework/Versions/A/JavaLaunching
0x000000003f083000 	/System/Library/Frameworks/Carbon.framework/Versions/A/Frameworks/CommonPanels.framework/Versions/A/CommonPanels
0x000000003f083000 	/System/Library/Frameworks/Carbon.framework/Versions/A/Frameworks/Help.framework/Versions/A/Help
0x000000003f083000 	/System/Library/Frameworks/Carbon.framework/Versions/A/Frameworks/ImageCapture.framework/Versions/A/ImageCapture
0x000000003f083000 	/System/Library/Frameworks/Carbon.framework/Versions/A/Frameworks/OpenScripting.framework/Versions/A/OpenScripting
0x000000003f083000 	/System/Library/Frameworks/Carbon.framework/Versions/A/Frameworks/Print.framework/Versions/A/Print
0x000000003f083000 	/System/Library/Frameworks/Carbon.framework/Versions/A/Frameworks/SecurityHI.framework/Versions/A/SecurityHI
0x000000010a94c000 	/Library/Java/JavaVirtualMachines/jdk1.8.0_144.jdk/Contents/Home/jre/lib/libnet.dylib
0x000000010a9ab000 	/Library/Java/JavaVirtualMachines/jdk1.8.0_144.jdk/Contents/Home/jre/lib/libmanagement.dylib
0x000000010a9b9000 	/Library/Java/JavaVirtualMachines/jdk1.8.0_144.jdk/Contents/Home/jre/lib/libnio.dylib

VM Arguments:
jvm_args: -XX:TieredStopAtLevel=1 -Xverify:none -Dspring.output.ansi.enabled=always -Dcom.sun.management.jmxremote -Dcom.sun.management.jmxremote.port=57369 -Dcom.sun.management.jmxremote.authenticate=false -Dcom.sun.management.jmxremote.ssl=false -Djava.rmi.server.hostname=127.0.0.1 -Dspring.liveBeansView.mbeanDomain -Dspring.application.admin.enabled=true -javaagent:/Applications/IntelliJ IDEA.app/Contents/lib/idea_rt.jar=57370:/Applications/IntelliJ IDEA.app/Contents/bin -Dfile.encoding=UTF-8 
java_command: cn.ngtoken.gateway.NgTokenApplication
java_class_path (initial): /Library/Java/JavaVirtualMachines/jdk1.8.0_144.jdk/Contents/Home/jre/lib/charsets.jar:/Library/Java/JavaVirtualMachines/jdk1.8.0_144.jdk/Contents/Home/jre/lib/deploy.jar:/Library/Java/JavaVirtualMachines/jdk1.8.0_144.jdk/Contents/Home/jre/lib/ext/cldrdata.jar:/Library/Java/JavaVirtualMachines/jdk1.8.0_144.jdk/Contents/Home/jre/lib/ext/dnsns.jar:/Library/Java/JavaVirtualMachines/jdk1.8.0_144.jdk/Contents/Home/jre/lib/ext/jaccess.jar:/Library/Java/JavaVirtualMachines/jdk1.8.0_144.jdk/Contents/Home/jre/lib/ext/jfxrt.jar:/Library/Java/JavaVirtualMachines/jdk1.8.0_144.jdk/Contents/Home/jre/lib/ext/localedata.jar:/Library/Java/JavaVirtualMachines/jdk1.8.0_144.jdk/Contents/Home/jre/lib/ext/nashorn.jar:/Library/Java/JavaVirtualMachines/jdk1.8.0_144.jdk/Contents/Home/jre/lib/ext/sunec.jar:/Library/Java/JavaVirtualMachines/jdk1.8.0_144.jdk/Contents/Home/jre/lib/ext/sunjce_provider.jar:/Library/Java/JavaVirtualMachines/jdk1.8.0_144.jdk/Contents/Home/jre/lib/ext/sunpkcs11.jar:/Library/Java/JavaVirtualMachines/jdk1.8.0_144.jdk/Contents/Home/jre/lib/ext/zipfs.jar:/Library/Java/JavaVirtualMachines/jdk1.8.0_144.jdk/Contents/Home/jre/lib/javaws.jar:/Library/Java/JavaVirtualMachines/jdk1.8.0_144.jdk/Contents/Home/jre/lib/jce.jar:/Library/Java/JavaVirtualMachines/jdk1.8.0_144.jdk/Contents/Home/jre/lib/jfr.jar:/Library/Java/JavaVirtualMachines/jdk1.8.0_144.jdk/Contents/Home/jre/lib/jfxswt.jar:/Library/Java/JavaVirtualMachines/jdk1.8.0_144.jdk/Contents/Home/jre/lib/jsse.jar:/Library/Java/JavaVirtualMachines/jdk1.8.0_144.jdk/Contents/Home/jre/lib/management-agent.jar:/Library/Java/JavaVirtualMachines/jdk1.8.0_144.jdk/Contents/Home/jre/lib/plugin.jar:/Library/Java/JavaVirtualMachines/jdk1.8.0_144.jdk/Contents/Home/jre/lib/resources.jar:/Library/Java/JavaVirtualMachines/jdk1.8.0_144.jdk/Contents/Home/jre/lib/rt.jar:/Library/Java/JavaVirtualMachines/jdk1.8.0_144.jdk/Contents/Home/lib/ant-javafx.jar:/Library/Java/JavaVirtualMachines/jdk1.8.0_144.jdk/Contents/Home
Launcher Type: SUN_STANDARD

Environment Variables:
JAVA_HOME=/Library/Java/JavaVirtualMachines/jdk1.8.0_144.jdk/Contents/Home
CLASSPATH=.:/Library/Java/JavaVirtualMachines/jdk1.8.0_144.jdk/Contents/Home/lib/dt.jar:/Library/Java/JavaVirtualMachines/jdk1.8.0_144.jdk/Contents/Home/lib/tools.jar
PATH=/usr/local/opt/cassandra@2.1/bin:/Users/heidsoft/.sdkman/candidates/springboot/current/bin:/usr/local/opt/openssl/bin:/Users/heidsoft/bin:/usr/local/bin:/usr/local/go/bin:/usr/local/gopath/bin:/usr/local/Cellar/kubernetes-helm/2.7.0//bin:/Users/heidsoft/.cargo/bin:/usr/local/bin:/usr/bin:/bin:/usr/sbin:/sbin:/usr/local/go/bin:/Applications/Wireshark.app/Contents/MacOS:/Library/Java/JavaVirtualMachines/jdk1.8.0_144.jdk/Contents/Home/bin:/usr/local/Cellar/redis/4.0.2/bin:/usr/local/maven3/bin:/usr/local/Cellar/polipo/1.1.1/bin:/usr/local/gradle4/bin:/usr/local/opt/groovy/libexec/bin:/usr/local/gopath/src/github.com/ethereum/go-ethereum/build/bin
SHELL=/bin/zsh

Signal Handlers:
SIGSEGV: [libjvm.dylib+0x5b26e5], sa_mask[0]=11111111011111110111111111111111, sa_flags=SA_ONSTACK|SA_RESTART|SA_SIGINFO
SIGBUS: [libjvm.dylib+0x5b26e5], sa_mask[0]=11111111011111110111111111111111, sa_flags=SA_RESTART|SA_SIGINFO
SIGFPE: [libjvm.dylib+0x489100], sa_mask[0]=11111111011111110111111111111111, sa_flags=SA_RESTART|SA_SIGINFO
SIGPIPE: [libjvm.dylib+0x489100], sa_mask[0]=11111111011111110111111111111111, sa_flags=SA_RESTART|SA_SIGINFO
SIGXFSZ: [libjvm.dylib+0x489100], sa_mask[0]=11111111011111110111111111111111, sa_flags=SA_RESTART|SA_SIGINFO
SIGILL: [libjvm.dylib+0x489100], sa_mask[0]=11111111011111110111111111111111, sa_flags=SA_RESTART|SA_SIGINFO
SIGUSR1: SIG_DFL, sa_mask[0]=00000000000000000000000000000000, sa_flags=none
SIGUSR2: [libjvm.dylib+0x488c1e], sa_mask[0]=00100000000000000000000000000000, sa_flags=SA_RESTART|SA_SIGINFO
SIGHUP: [libjvm.dylib+0x4871f5], sa_mask[0]=11111111011111110111111111111111, sa_flags=SA_RESTART|SA_SIGINFO
SIGINT: [libjvm.dylib+0x4871f5], sa_mask[0]=11111111011111110111111111111111, sa_flags=SA_RESTART|SA_SIGINFO
SIGTERM: [libjvm.dylib+0x4871f5], sa_mask[0]=11111111011111110111111111111111, sa_flags=SA_RESTART|SA_SIGINFO
SIGQUIT: [libjvm.dylib+0x4871f5], sa_mask[0]=11111111011111110111111111111111, sa_flags=SA_RESTART|SA_SIGINFO


---------------  S Y S T E M  ---------------

OS:Bsduname:Darwin 16.7.0 Darwin Kernel Version 16.7.0: Thu Jun 21 20:07:39 PDT 2018; root:xnu-3789.73.14~1/RELEASE_X86_64 x86_64
rlimit: STACK 8192k, CORE 0k, NPROC 709, NOFILE 10240, AS infinity
load average:26.10 11.27 6.76

CPU:total 4 (initial active 4) (2 cores per cpu, 2 threads per core) family 6 model 61 stepping 4, cmov, cx8, fxsr, mmx, sse, sse2, sse3, ssse3, sse4.1, sse4.2, popcnt, avx, avx2, aes, clmul, erms, 3dnowpref, lzcnt, ht, tsc, tscinvbit, bmi1, bmi2, adx

Memory: 4k page, physical 8388608k(2186984k free)

/proc/meminfo:


vm_info: Java HotSpot(TM) 64-Bit Server VM (25.144-b01) for bsd-amd64 JRE (1.8.0_144-b01), built on Jul 21 2017 22:07:42 by "java_re" with gcc 4.2.1 (Based on Apple Inc. build 5658) (LLVM build 2336.11.00)

time: Wed Aug 29 10:40:32 2018
elapsed time: 8050 seconds (0d 2h 14m 10s)

