2018-08-21 15:16:59,527 INFO  main                             - 
Found 0 SOFABoot component health checkers:
Found 1 HealthIndicator checkers:
class org.springframework.boot.actuate.health.DiskSpaceHealthIndicator

2018-08-21 15:16:59,535 INFO  main                             - Begin first phase of the readiness check
2018-08-21 15:16:59,536 INFO  main                             - Begin SpringContext readiness check.
2018-08-21 15:16:59,536 INFO  main                             - SpringContext readiness check result: success.
2018-08-21 15:16:59,537 INFO  main                             - Begin SOFABoot component readiness check.
2018-08-21 15:16:59,537 INFO  main                             - SOFABoot component readiness check result: success.
2018-08-21 15:16:59,537 INFO  main                             - Begin HealthIndicator readiness check.
2018-08-21 15:16:59,537 INFO  main                             - HealthIndicator (class org.springframework.boot.actuate.health.DiskSpaceHealthIndicator)check success.
2018-08-21 15:16:59,538 INFO  main                             - Readiness check HealthIndicator result: success.
2018-08-21 15:16:59,538 INFO  main                             - first phase of the readiness check result: success
2018-08-21 15:16:59,538 INFO  main                             - Begin second phase of the readiness check
2018-08-21 15:16:59,538 INFO  main                             - Begin SofaBootMiddlewareAfterReadinessCheckCallback readiness check
2018-08-21 15:16:59,543 INFO  main                             - SofaBootMiddlewareAfterReadinessCheckCallback readiness check result: success.
2018-08-21 15:16:59,544 INFO  main                             - Begin SofaBootAfterReadinessCheckCallback readiness check
2018-08-21 15:16:59,548 INFO  main                             - SofaBootAfterReadinessCheckCallback readiness check result: success.
2018-08-21 15:16:59,549 INFO  main                             - SOFABoot readiness check callback : success.
2018-08-21 15:16:59,549 INFO  main                             - second phase of the readiness check result: success
2018-08-21 15:16:59,549 INFO  main                             - Readiness check result: success
2018-08-21 15:17:00,255 INFO  RMI TCP Connection(5)-127.0.0.1  - Begin SOFABoot component readiness check.
2018-08-21 15:17:00,257 INFO  RMI TCP Connection(5)-127.0.0.1  - SOFABoot component readiness check result: success.
2018-08-21 15:17:00,257 INFO  RMI TCP Connection(5)-127.0.0.1  - Begin SpringContext readiness check.
2018-08-21 15:17:00,257 INFO  RMI TCP Connection(5)-127.0.0.1  - SpringContext readiness check result: success.
