2018-12-13 12:00:16,663 INFO org.springframework.boot.StartupInfoLogger [main] Starting NgtokenLogsApplication on heidsoftdeMacBook-Pro.local with PID 1251 (/Users/heidsoft/research/ngtoken/ngtoken-logs/target/classes started by heidsoft in /Users/heidsoft/research/ngtoken)
2018-12-13 12:00:16,668 INFO org.springframework.boot.SpringApplication [main] No active profile set, falling back to default profiles: default
2018-12-13 12:00:19,048 INFO org.springframework.boot.web.embedded.tomcat.TomcatWebServer [main] Tomcat initialized with port(s): 18082 (http)
2018-12-13 12:00:19,098 INFO org.apache.juli.logging.DirectJDKLog [main] Initializing ProtocolHandler ["http-nio-18082"]
2018-12-13 12:00:19,146 INFO org.apache.juli.logging.DirectJDKLog [main] Starting service [Tomcat]
2018-12-13 12:00:19,146 INFO org.apache.juli.logging.DirectJDKLog [main] Starting Servlet Engine: Apache Tomcat/9.0.13
2018-12-13 12:00:19,159 INFO org.apache.juli.logging.DirectJDKLog [main] The APR based Apache Tomcat Native library which allows optimal performance in production environments was not found on the java.library.path: [/Users/heidsoft/Library/Java/Extensions:/Library/Java/Extensions:/Network/Library/Java/Extensions:/System/Library/Java/Extensions:/usr/lib/java:.]
2018-12-13 12:00:19,375 INFO org.apache.juli.logging.DirectJDKLog [main] Initializing Spring embedded WebApplicationContext
2018-12-13 12:00:19,377 INFO org.springframework.boot.web.servlet.context.ServletWebServerApplicationContext [main] Root WebApplicationContext: initialization completed in 2641 ms
2018-12-13 12:00:20,018 INFO org.springframework.scheduling.concurrent.ExecutorConfigurationSupport [main] Initializing ExecutorService 'applicationTaskExecutor'
2018-12-13 12:00:20,175 INFO org.apache.juli.logging.DirectJDKLog [main] Starting ProtocolHandler ["http-nio-18082"]
2018-12-13 12:00:20,193 INFO org.apache.juli.logging.DirectJDKLog [main] Using a shared selector for servlet write/read
2018-12-13 12:00:20,208 INFO org.springframework.boot.web.embedded.tomcat.TomcatWebServer [main] Tomcat started on port(s): 18082 (http) with context path ''
2018-12-13 12:00:20,212 INFO org.springframework.boot.StartupInfoLogger [main] Started NgtokenLogsApplication in 24.3 seconds (JVM running for 30.326)
2018-12-13 12:00:30,653 INFO org.springframework.scheduling.concurrent.ExecutorConfigurationSupport [Thread-51] Shutting down ExecutorService 'applicationTaskExecutor'
2018-12-13 12:01:19,277 INFO org.springframework.boot.StartupInfoLogger [main] Starting NgtokenLogsApplication on heidsoftdeMacBook-Pro.local with PID 1287 (/Users/heidsoft/research/ngtoken/ngtoken-logs/target/classes started by heidsoft in /Users/heidsoft/research/ngtoken)
2018-12-13 12:01:19,282 INFO org.springframework.boot.SpringApplication [main] No active profile set, falling back to default profiles: default
2018-12-13 12:01:22,002 INFO org.springframework.boot.web.embedded.tomcat.TomcatWebServer [main] Tomcat initialized with port(s): 18082 (http)
2018-12-13 12:01:22,023 INFO org.apache.juli.logging.DirectJDKLog [main] Initializing ProtocolHandler ["http-nio-18082"]
2018-12-13 12:01:22,046 INFO org.apache.juli.logging.DirectJDKLog [main] Starting service [Tomcat]
2018-12-13 12:01:22,047 INFO org.apache.juli.logging.DirectJDKLog [main] Starting Servlet Engine: Apache Tomcat/9.0.13
2018-12-13 12:01:22,065 INFO org.apache.juli.logging.DirectJDKLog [main] The APR based Apache Tomcat Native library which allows optimal performance in production environments was not found on the java.library.path: [/Users/heidsoft/Library/Java/Extensions:/Library/Java/Extensions:/Network/Library/Java/Extensions:/System/Library/Java/Extensions:/usr/lib/java:.]
2018-12-13 12:01:22,216 INFO org.apache.juli.logging.DirectJDKLog [main] Initializing Spring embedded WebApplicationContext
2018-12-13 12:01:22,223 INFO org.springframework.boot.web.servlet.context.ServletWebServerApplicationContext [main] Root WebApplicationContext: initialization completed in 2708 ms
2018-12-13 12:01:22,645 INFO org.springframework.scheduling.concurrent.ExecutorConfigurationSupport [main] Initializing ExecutorService 'applicationTaskExecutor'
2018-12-13 12:01:23,348 INFO org.apache.juli.logging.DirectJDKLog [main] Starting ProtocolHandler ["http-nio-18082"]
2018-12-13 12:01:23,379 INFO org.apache.juli.logging.DirectJDKLog [main] Using a shared selector for servlet write/read
2018-12-13 12:01:23,415 INFO org.springframework.boot.web.embedded.tomcat.TomcatWebServer [main] Tomcat started on port(s): 18082 (http) with context path ''
2018-12-13 12:01:23,438 INFO org.springframework.boot.StartupInfoLogger [main] Started NgtokenLogsApplication in 24.803 seconds (JVM running for 30.755)
2018-12-13 12:01:36,268 INFO org.apache.juli.logging.DirectJDKLog [http-nio-18082-exec-1] Initializing Spring DispatcherServlet 'dispatcherServlet'
2018-12-13 12:01:36,272 INFO org.springframework.web.servlet.FrameworkServlet [http-nio-18082-exec-1] Initializing Servlet 'dispatcherServlet'
2018-12-13 12:01:36,401 INFO org.springframework.web.servlet.FrameworkServlet [http-nio-18082-exec-1] Completed initialization in 106 ms
2018-12-13 12:02:43,093 INFO org.springframework.scheduling.concurrent.ExecutorConfigurationSupport [Thread-51] Shutting down ExecutorService 'applicationTaskExecutor'
2018-12-13 12:03:23,516 INFO org.springframework.boot.StartupInfoLogger [main] Starting NgtokenLogsApplication on heidsoftdeMacBook-Pro.local with PID 1313 (/Users/heidsoft/research/ngtoken/ngtoken-logs/target/classes started by heidsoft in /Users/heidsoft/research/ngtoken)
2018-12-13 12:03:23,527 INFO org.springframework.boot.SpringApplication [main] No active profile set, falling back to default profiles: default
2018-12-13 12:03:27,658 INFO org.springframework.boot.web.embedded.tomcat.TomcatWebServer [main] Tomcat initialized with port(s): 18082 (http)
2018-12-13 12:03:27,682 INFO org.apache.juli.logging.DirectJDKLog [main] Initializing ProtocolHandler ["http-nio-18082"]
2018-12-13 12:03:27,697 INFO org.apache.juli.logging.DirectJDKLog [main] Starting service [Tomcat]
2018-12-13 12:03:27,697 INFO org.apache.juli.logging.DirectJDKLog [main] Starting Servlet Engine: Apache Tomcat/9.0.13
2018-12-13 12:03:27,707 INFO org.apache.juli.logging.DirectJDKLog [main] The APR based Apache Tomcat Native library which allows optimal performance in production environments was not found on the java.library.path: [/Users/heidsoft/Library/Java/Extensions:/Library/Java/Extensions:/Network/Library/Java/Extensions:/System/Library/Java/Extensions:/usr/lib/java:.]
2018-12-13 12:03:27,826 INFO org.apache.juli.logging.DirectJDKLog [main] Initializing Spring embedded WebApplicationContext
2018-12-13 12:03:27,827 INFO org.springframework.boot.web.servlet.context.ServletWebServerApplicationContext [main] Root WebApplicationContext: initialization completed in 4145 ms
2018-12-13 12:03:28,312 INFO org.springframework.scheduling.concurrent.ExecutorConfigurationSupport [main] Initializing ExecutorService 'applicationTaskExecutor'
2018-12-13 12:03:28,523 INFO org.apache.juli.logging.DirectJDKLog [main] Starting ProtocolHandler ["http-nio-18082"]
2018-12-13 12:03:28,549 INFO org.apache.juli.logging.DirectJDKLog [main] Using a shared selector for servlet write/read
2018-12-13 12:03:28,567 INFO org.springframework.boot.web.embedded.tomcat.TomcatWebServer [main] Tomcat started on port(s): 18082 (http) with context path ''
2018-12-13 12:03:28,574 INFO org.springframework.boot.StartupInfoLogger [main] Started NgtokenLogsApplication in 27.472 seconds (JVM running for 36.397)
2018-12-13 12:04:07,588 INFO org.springframework.scheduling.concurrent.ExecutorConfigurationSupport [Thread-59] Shutting down ExecutorService 'applicationTaskExecutor'
2018-12-13 12:04:39,733 INFO org.springframework.boot.StartupInfoLogger [main] Starting NgtokenLogsApplication on heidsoftdeMacBook-Pro.local with PID 1328 (/Users/heidsoft/research/ngtoken/ngtoken-logs/target/classes started by heidsoft in /Users/heidsoft/research/ngtoken)
2018-12-13 12:04:39,738 INFO org.springframework.boot.SpringApplication [main] No active profile set, falling back to default profiles: default
2018-12-13 12:04:40,710 INFO org.springframework.boot.web.embedded.tomcat.TomcatWebServer [main] Tomcat initialized with port(s): 18082 (http)
2018-12-13 12:04:40,722 INFO org.apache.juli.logging.DirectJDKLog [main] Initializing ProtocolHandler ["http-nio-18082"]
2018-12-13 12:04:40,731 INFO org.apache.juli.logging.DirectJDKLog [main] Starting service [Tomcat]
2018-12-13 12:04:40,731 INFO org.apache.juli.logging.DirectJDKLog [main] Starting Servlet Engine: Apache Tomcat/9.0.13
2018-12-13 12:04:40,737 INFO org.apache.juli.logging.DirectJDKLog [main] The APR based Apache Tomcat Native library which allows optimal performance in production environments was not found on the java.library.path: [/Users/heidsoft/Library/Java/Extensions:/Library/Java/Extensions:/Network/Library/Java/Extensions:/System/Library/Java/Extensions:/usr/lib/java:.]
2018-12-13 12:04:40,825 INFO org.apache.juli.logging.DirectJDKLog [main] Initializing Spring embedded WebApplicationContext
2018-12-13 12:04:40,826 INFO org.springframework.boot.web.servlet.context.ServletWebServerApplicationContext [main] Root WebApplicationContext: initialization completed in 1034 ms
2018-12-13 12:04:41,079 INFO org.springframework.scheduling.concurrent.ExecutorConfigurationSupport [main] Initializing ExecutorService 'applicationTaskExecutor'
2018-12-13 12:04:41,225 INFO org.apache.juli.logging.DirectJDKLog [main] Starting ProtocolHandler ["http-nio-18082"]
2018-12-13 12:04:41,241 INFO org.apache.juli.logging.DirectJDKLog [main] Using a shared selector for servlet write/read
2018-12-13 12:04:41,258 INFO org.springframework.boot.web.embedded.tomcat.TomcatWebServer [main] Tomcat started on port(s): 18082 (http) with context path ''
2018-12-13 12:04:41,266 INFO org.springframework.boot.StartupInfoLogger [main] Started NgtokenLogsApplication in 22.024 seconds (JVM running for 28.114)
2018-12-13 12:04:46,877 INFO org.apache.juli.logging.DirectJDKLog [http-nio-18082-exec-1] Initializing Spring DispatcherServlet 'dispatcherServlet'
2018-12-13 12:04:46,879 INFO org.springframework.web.servlet.FrameworkServlet [http-nio-18082-exec-1] Initializing Servlet 'dispatcherServlet'
2018-12-13 12:04:46,886 INFO org.springframework.web.servlet.FrameworkServlet [http-nio-18082-exec-1] Completed initialization in 7 ms
2018-12-13 12:08:15,611 INFO org.springframework.scheduling.concurrent.ExecutorConfigurationSupport [Thread-47] Shutting down ExecutorService 'applicationTaskExecutor'
2018-12-13 12:08:47,010 INFO org.springframework.boot.StartupInfoLogger [main] Starting NgtokenLogsApplication on heidsoftdeMacBook-Pro.local with PID 1349 (/Users/heidsoft/research/ngtoken/ngtoken-logs/target/classes started by heidsoft in /Users/heidsoft/research/ngtoken)
2018-12-13 12:08:47,015 DEBUG org.springframework.boot.StartupInfoLogger [main] Running with Spring Boot v2.1.1.RELEASE, Spring v5.1.3.RELEASE
2018-12-13 12:08:47,019 INFO org.springframework.boot.SpringApplication [main] No active profile set, falling back to default profiles: default
2018-12-13 12:08:49,021 INFO org.springframework.boot.web.embedded.tomcat.TomcatWebServer [main] Tomcat initialized with port(s): 18082 (http)
2018-12-13 12:08:49,050 INFO org.apache.juli.logging.DirectJDKLog [main] Initializing ProtocolHandler ["http-nio-18082"]
2018-12-13 12:08:49,070 INFO org.apache.juli.logging.DirectJDKLog [main] Starting service [Tomcat]
2018-12-13 12:08:49,071 INFO org.apache.juli.logging.DirectJDKLog [main] Starting Servlet Engine: Apache Tomcat/9.0.13
2018-12-13 12:08:49,078 INFO org.apache.juli.logging.DirectJDKLog [main] The APR based Apache Tomcat Native library which allows optimal performance in production environments was not found on the java.library.path: [/Users/heidsoft/Library/Java/Extensions:/Library/Java/Extensions:/Network/Library/Java/Extensions:/System/Library/Java/Extensions:/usr/lib/java:.]
2018-12-13 12:08:49,276 INFO org.apache.juli.logging.DirectJDKLog [main] Initializing Spring embedded WebApplicationContext
2018-12-13 12:08:49,277 INFO org.springframework.boot.web.servlet.context.ServletWebServerApplicationContext [main] Root WebApplicationContext: initialization completed in 2184 ms
2018-12-13 12:08:49,356 DEBUG org.springframework.web.filter.GenericFilterBean [main] Filter 'uniqueTrackingNumberFilter' configured for use
2018-12-13 12:08:49,909 INFO org.springframework.scheduling.concurrent.ExecutorConfigurationSupport [main] Initializing ExecutorService 'applicationTaskExecutor'
2018-12-13 12:08:50,073 INFO org.apache.juli.logging.DirectJDKLog [main] Starting ProtocolHandler ["http-nio-18082"]
2018-12-13 12:08:50,091 INFO org.apache.juli.logging.DirectJDKLog [main] Using a shared selector for servlet write/read
2018-12-13 12:08:50,112 INFO org.springframework.boot.web.embedded.tomcat.TomcatWebServer [main] Tomcat started on port(s): 18082 (http) with context path ''
2018-12-13 12:08:50,121 INFO org.springframework.boot.StartupInfoLogger [main] Started NgtokenLogsApplication in 23.78 seconds (JVM running for 30.14)
2018-12-13 12:08:56,922 INFO org.apache.juli.logging.DirectJDKLog [http-nio-18082-exec-1] Initializing Spring DispatcherServlet 'dispatcherServlet'
2018-12-13 12:08:56,924 INFO org.springframework.web.servlet.FrameworkServlet [http-nio-18082-exec-1] Initializing Servlet 'dispatcherServlet'
2018-12-13 12:08:56,933 INFO org.springframework.web.servlet.FrameworkServlet [http-nio-18082-exec-1] Completed initialization in 9 ms
2018-12-13 12:10:40,816 INFO org.springframework.scheduling.concurrent.ExecutorConfigurationSupport [Thread-50] Shutting down ExecutorService 'applicationTaskExecutor'
2018-12-13 12:11:36,370 INFO org.springframework.boot.StartupInfoLogger [main] Starting NgtokenLogsApplication on heidsoftdeMacBook-Pro.local with PID 1383 (/Users/heidsoft/research/ngtoken/ngtoken-logs/target/classes started by heidsoft in /Users/heidsoft/research/ngtoken)
2018-12-13 12:11:36,379 DEBUG org.springframework.boot.StartupInfoLogger [main] Running with Spring Boot v2.1.1.RELEASE, Spring v5.1.3.RELEASE
2018-12-13 12:11:36,380 INFO org.springframework.boot.SpringApplication [main] No active profile set, falling back to default profiles: default
2018-12-13 12:11:38,147 INFO org.springframework.boot.web.embedded.tomcat.TomcatWebServer [main] Tomcat initialized with port(s): 18082 (http)
2018-12-13 12:11:38,170 INFO org.apache.juli.logging.DirectJDKLog [main] Initializing ProtocolHandler ["http-nio-18082"]
2018-12-13 12:11:38,183 INFO org.apache.juli.logging.DirectJDKLog [main] Starting service [Tomcat]
2018-12-13 12:11:38,184 INFO org.apache.juli.logging.DirectJDKLog [main] Starting Servlet Engine: Apache Tomcat/9.0.13
2018-12-13 12:11:38,195 INFO org.apache.juli.logging.DirectJDKLog [main] The APR based Apache Tomcat Native library which allows optimal performance in production environments was not found on the java.library.path: [/Users/heidsoft/Library/Java/Extensions:/Library/Java/Extensions:/Network/Library/Java/Extensions:/System/Library/Java/Extensions:/usr/lib/java:.]
2018-12-13 12:11:38,323 INFO org.apache.juli.logging.DirectJDKLog [main] Initializing Spring embedded WebApplicationContext
2018-12-13 12:11:38,324 INFO org.springframework.boot.web.servlet.context.ServletWebServerApplicationContext [main] Root WebApplicationContext: initialization completed in 1882 ms
2018-12-13 12:11:38,517 DEBUG org.springframework.web.filter.GenericFilterBean [main] Filter 'uniqueTrackingNumberFilter' configured for use
2018-12-13 12:11:38,887 INFO org.springframework.scheduling.concurrent.ExecutorConfigurationSupport [main] Initializing ExecutorService 'applicationTaskExecutor'
2018-12-13 12:11:39,194 INFO org.apache.juli.logging.DirectJDKLog [main] Starting ProtocolHandler ["http-nio-18082"]
2018-12-13 12:11:39,225 INFO org.apache.juli.logging.DirectJDKLog [main] Using a shared selector for servlet write/read
2018-12-13 12:11:39,262 INFO org.springframework.boot.web.embedded.tomcat.TomcatWebServer [main] Tomcat started on port(s): 18082 (http) with context path ''
2018-12-13 12:11:39,285 INFO org.springframework.boot.StartupInfoLogger [main] Started NgtokenLogsApplication in 24.184 seconds (JVM running for 33.721)
2018-12-13 12:12:12,788 INFO org.apache.juli.logging.DirectJDKLog [http-nio-18082-exec-1] Initializing Spring DispatcherServlet 'dispatcherServlet'
2018-12-13 12:12:12,791 INFO org.springframework.web.servlet.FrameworkServlet [http-nio-18082-exec-1] Initializing Servlet 'dispatcherServlet'
2018-12-13 12:12:12,807 INFO org.springframework.web.servlet.FrameworkServlet [http-nio-18082-exec-1] Completed initialization in 15 ms
2018-12-13 13:05:36,505 INFO org.springframework.scheduling.concurrent.ExecutorConfigurationSupport [Thread-51] Shutting down ExecutorService 'applicationTaskExecutor'
2018-12-13 13:06:37,199 INFO org.springframework.boot.StartupInfoLogger [main] Starting NgtokenLogsApplication on heidsoftdeMacBook-Pro.local with PID 1448 (/Users/heidsoft/research/ngtoken/ngtoken-logs/target/classes started by heidsoft in /Users/heidsoft/research/ngtoken)
2018-12-13 13:06:37,206 DEBUG org.springframework.boot.StartupInfoLogger [main] Running with Spring Boot v2.1.1.RELEASE, Spring v5.1.3.RELEASE
2018-12-13 13:06:37,211 INFO org.springframework.boot.SpringApplication [main] No active profile set, falling back to default profiles: default
2018-12-13 13:06:39,405 INFO org.springframework.boot.web.embedded.tomcat.TomcatWebServer [main] Tomcat initialized with port(s): 18082 (http)
2018-12-13 13:06:39,424 INFO org.apache.juli.logging.DirectJDKLog [main] Initializing ProtocolHandler ["http-nio-18082"]
2018-12-13 13:06:39,439 INFO org.apache.juli.logging.DirectJDKLog [main] Starting service [Tomcat]
2018-12-13 13:06:39,440 INFO org.apache.juli.logging.DirectJDKLog [main] Starting Servlet Engine: Apache Tomcat/9.0.13
2018-12-13 13:06:39,449 INFO org.apache.juli.logging.DirectJDKLog [main] The APR based Apache Tomcat Native library which allows optimal performance in production environments was not found on the java.library.path: [/Users/heidsoft/Library/Java/Extensions:/Library/Java/Extensions:/Network/Library/Java/Extensions:/System/Library/Java/Extensions:/usr/lib/java:.]
2018-12-13 13:06:39,585 INFO org.apache.juli.logging.DirectJDKLog [main] Initializing Spring embedded WebApplicationContext
2018-12-13 13:06:39,586 INFO org.springframework.boot.web.servlet.context.ServletWebServerApplicationContext [main] Root WebApplicationContext: initialization completed in 2246 ms
2018-12-13 13:06:39,738 DEBUG org.springframework.web.filter.GenericFilterBean [main] Filter 'uniqueTrackingNumberFilter' configured for use
2018-12-13 13:06:39,941 INFO org.springframework.scheduling.concurrent.ExecutorConfigurationSupport [main] Initializing ExecutorService 'applicationTaskExecutor'
2018-12-13 13:06:40,183 INFO org.apache.juli.logging.DirectJDKLog [main] Starting ProtocolHandler ["http-nio-18082"]
2018-12-13 13:06:40,208 INFO org.apache.juli.logging.DirectJDKLog [main] Using a shared selector for servlet write/read
2018-12-13 13:06:40,234 INFO org.springframework.boot.web.embedded.tomcat.TomcatWebServer [main] Tomcat started on port(s): 18082 (http) with context path ''
2018-12-13 13:06:40,240 INFO org.springframework.boot.StartupInfoLogger [main] Started NgtokenLogsApplication in 23.969 seconds (JVM running for 30.446)
2018-12-13 13:06:47,071 INFO org.apache.juli.logging.DirectJDKLog [http-nio-18082-exec-1] Initializing Spring DispatcherServlet 'dispatcherServlet'
2018-12-13 13:06:47,073 INFO org.springframework.web.servlet.FrameworkServlet [http-nio-18082-exec-1] Initializing Servlet 'dispatcherServlet'
2018-12-13 13:06:47,083 INFO org.springframework.web.servlet.FrameworkServlet [http-nio-18082-exec-1] Completed initialization in 10 ms
2018-12-13 13:07:28,725 INFO org.springframework.scheduling.concurrent.ExecutorConfigurationSupport [Thread-50] Shutting down ExecutorService 'applicationTaskExecutor'
2018-12-13 13:08:01,922 INFO org.springframework.boot.StartupInfoLogger [main] Starting NgtokenLogsApplication on heidsoftdeMacBook-Pro.local with PID 1483 (/Users/heidsoft/research/ngtoken/ngtoken-logs/target/classes started by heidsoft in /Users/heidsoft/research/ngtoken)
2018-12-13 13:08:01,926 DEBUG org.springframework.boot.StartupInfoLogger [main] Running with Spring Boot v2.1.1.RELEASE, Spring v5.1.3.RELEASE
2018-12-13 13:08:01,928 INFO org.springframework.boot.SpringApplication [main] No active profile set, falling back to default profiles: default
2018-12-13 13:08:03,615 INFO org.springframework.boot.web.embedded.tomcat.TomcatWebServer [main] Tomcat initialized with port(s): 18082 (http)
2018-12-13 13:08:03,627 INFO org.apache.juli.logging.DirectJDKLog [main] Initializing ProtocolHandler ["http-nio-18082"]
2018-12-13 13:08:03,643 INFO org.apache.juli.logging.DirectJDKLog [main] Starting service [Tomcat]
2018-12-13 13:08:03,643 INFO org.apache.juli.logging.DirectJDKLog [main] Starting Servlet Engine: Apache Tomcat/9.0.13
2018-12-13 13:08:03,650 INFO org.apache.juli.logging.DirectJDKLog [main] The APR based Apache Tomcat Native library which allows optimal performance in production environments was not found on the java.library.path: [/Users/heidsoft/Library/Java/Extensions:/Library/Java/Extensions:/Network/Library/Java/Extensions:/System/Library/Java/Extensions:/usr/lib/java:.]
2018-12-13 13:08:03,723 INFO org.apache.juli.logging.DirectJDKLog [main] Initializing Spring embedded WebApplicationContext
2018-12-13 13:08:03,724 INFO org.springframework.boot.web.servlet.context.ServletWebServerApplicationContext [main] Root WebApplicationContext: initialization completed in 1713 ms
2018-12-13 13:08:03,776 DEBUG org.springframework.web.filter.GenericFilterBean [main] Filter 'uniqueTrackingNumberFilter' configured for use
2018-12-13 13:08:04,093 INFO org.springframework.scheduling.concurrent.ExecutorConfigurationSupport [main] Initializing ExecutorService 'applicationTaskExecutor'
2018-12-13 13:08:04,378 INFO org.apache.juli.logging.DirectJDKLog [main] Starting ProtocolHandler ["http-nio-18082"]
2018-12-13 13:08:04,395 INFO org.apache.juli.logging.DirectJDKLog [main] Using a shared selector for servlet write/read
2018-12-13 13:08:04,411 INFO org.springframework.boot.web.embedded.tomcat.TomcatWebServer [main] Tomcat started on port(s): 18082 (http) with context path ''
2018-12-13 13:08:04,415 INFO org.springframework.boot.StartupInfoLogger [main] Started NgtokenLogsApplication in 23.166 seconds (JVM running for 29.18)
2018-12-13 13:08:13,838 INFO org.apache.juli.logging.DirectJDKLog [http-nio-18082-exec-1] Initializing Spring DispatcherServlet 'dispatcherServlet'
2018-12-13 13:08:13,840 INFO org.springframework.web.servlet.FrameworkServlet [http-nio-18082-exec-1] Initializing Servlet 'dispatcherServlet'
2018-12-13 13:08:13,846 INFO org.springframework.web.servlet.FrameworkServlet [http-nio-18082-exec-1] Completed initialization in 6 ms
2018-12-13 13:09:14,129 INFO org.springframework.scheduling.concurrent.ExecutorConfigurationSupport [Thread-49] Shutting down ExecutorService 'applicationTaskExecutor'
2018-12-13 13:13:18,408 INFO org.springframework.boot.StartupInfoLogger [main] Starting NgtokenLogsApplication on heidsoftdeMacBook-Pro.local with PID 1650 (/Users/heidsoft/research/ngtoken/ngtoken-logs/target/classes started by heidsoft in /Users/heidsoft/research/ngtoken)
2018-12-13 13:13:18,412 DEBUG org.springframework.boot.StartupInfoLogger [main] Running with Spring Boot v2.1.1.RELEASE, Spring v5.1.3.RELEASE
2018-12-13 13:13:18,414 INFO org.springframework.boot.SpringApplication [main] No active profile set, falling back to default profiles: default
2018-12-13 13:13:19,591 INFO org.springframework.boot.web.embedded.tomcat.TomcatWebServer [main] Tomcat initialized with port(s): 18082 (http)
2018-12-13 13:13:19,604 INFO org.apache.juli.logging.DirectJDKLog [main] Initializing ProtocolHandler ["http-nio-18082"]
2018-12-13 13:13:19,617 INFO org.apache.juli.logging.DirectJDKLog [main] Starting service [Tomcat]
2018-12-13 13:13:19,617 INFO org.apache.juli.logging.DirectJDKLog [main] Starting Servlet Engine: Apache Tomcat/9.0.13
2018-12-13 13:13:19,628 INFO org.apache.juli.logging.DirectJDKLog [main] The APR based Apache Tomcat Native library which allows optimal performance in production environments was not found on the java.library.path: [/Users/heidsoft/Library/Java/Extensions:/Library/Java/Extensions:/Network/Library/Java/Extensions:/System/Library/Java/Extensions:/usr/lib/java:.]
2018-12-13 13:13:19,713 INFO org.apache.juli.logging.DirectJDKLog [main] Initializing Spring embedded WebApplicationContext
2018-12-13 13:13:19,714 INFO org.springframework.boot.web.servlet.context.ServletWebServerApplicationContext [main] Root WebApplicationContext: initialization completed in 1261 ms
2018-12-13 13:13:19,763 DEBUG org.springframework.web.filter.GenericFilterBean [main] Filter 'uniqueTrackingNumberFilter' configured for use
2018-12-13 13:13:20,024 INFO org.springframework.scheduling.concurrent.ExecutorConfigurationSupport [main] Initializing ExecutorService 'applicationTaskExecutor'
2018-12-13 13:13:20,197 INFO org.apache.juli.logging.DirectJDKLog [main] Starting ProtocolHandler ["http-nio-18082"]
2018-12-13 13:13:20,211 INFO org.apache.juli.logging.DirectJDKLog [main] Using a shared selector for servlet write/read
2018-12-13 13:13:20,225 INFO org.springframework.boot.web.embedded.tomcat.TomcatWebServer [main] Tomcat started on port(s): 18082 (http) with context path ''
2018-12-13 13:13:20,229 INFO org.springframework.boot.StartupInfoLogger [main] Started NgtokenLogsApplication in 22.366 seconds (JVM running for 28.223)
2018-12-13 13:13:31,354 INFO org.apache.juli.logging.DirectJDKLog [http-nio-18082-exec-1] Initializing Spring DispatcherServlet 'dispatcherServlet'
2018-12-13 13:13:31,355 INFO org.springframework.web.servlet.FrameworkServlet [http-nio-18082-exec-1] Initializing Servlet 'dispatcherServlet'
2018-12-13 13:13:31,362 INFO org.springframework.web.servlet.FrameworkServlet [http-nio-18082-exec-1] Completed initialization in 7 ms
2018-12-13 13:15:09,494 INFO org.springframework.scheduling.concurrent.ExecutorConfigurationSupport [Thread-47] Shutting down ExecutorService 'applicationTaskExecutor'
2018-12-13 15:37:17,973 INFO org.springframework.boot.StartupInfoLogger [main] Starting NgtokenLogsApplication on heidsoftdeMacBook-Pro.local with PID 4747 (/Users/heidsoft/research/ngtoken/ngtoken-logs/target/classes started by heidsoft in /Users/heidsoft/research/ngtoken)
2018-12-13 15:37:17,976 DEBUG org.springframework.boot.StartupInfoLogger [main] Running with Spring Boot v2.1.1.RELEASE, Spring v5.1.3.RELEASE
2018-12-13 15:37:17,978 INFO org.springframework.boot.SpringApplication [main] No active profile set, falling back to default profiles: default
2018-12-13 15:37:19,456 INFO org.springframework.boot.web.embedded.tomcat.TomcatWebServer [main] Tomcat initialized with port(s): 18082 (http)
2018-12-13 15:37:19,477 INFO org.apache.juli.logging.DirectJDKLog [main] Initializing ProtocolHandler ["http-nio-18082"]
2018-12-13 15:37:19,489 INFO org.apache.juli.logging.DirectJDKLog [main] Starting service [Tomcat]
2018-12-13 15:37:19,490 INFO org.apache.juli.logging.DirectJDKLog [main] Starting Servlet Engine: Apache Tomcat/9.0.13
2018-12-13 15:37:19,498 INFO org.apache.juli.logging.DirectJDKLog [main] The APR based Apache Tomcat Native library which allows optimal performance in production environments was not found on the java.library.path: [/Users/heidsoft/Library/Java/Extensions:/Library/Java/Extensions:/Network/Library/Java/Extensions:/System/Library/Java/Extensions:/usr/lib/java:.]
2018-12-13 15:37:19,609 INFO org.apache.juli.logging.DirectJDKLog [main] Initializing Spring embedded WebApplicationContext
2018-12-13 15:37:19,610 INFO org.springframework.boot.web.servlet.context.ServletWebServerApplicationContext [main] Root WebApplicationContext: initialization completed in 1587 ms
2018-12-13 15:37:19,954 INFO org.springframework.scheduling.concurrent.ExecutorConfigurationSupport [main] Initializing ExecutorService 'applicationTaskExecutor'
2018-12-13 15:37:20,194 INFO org.apache.juli.logging.DirectJDKLog [main] Starting ProtocolHandler ["http-nio-18082"]
2018-12-13 15:37:20,213 INFO org.apache.juli.logging.DirectJDKLog [main] Using a shared selector for servlet write/read
2018-12-13 15:37:20,233 INFO org.springframework.boot.web.embedded.tomcat.TomcatWebServer [main] Tomcat started on port(s): 18082 (http) with context path ''
2018-12-13 15:37:20,240 INFO org.springframework.boot.StartupInfoLogger [main] Started NgtokenLogsApplication in 22.972 seconds (JVM running for 29.627)
2018-12-13 15:40:38,937 INFO org.apache.juli.logging.DirectJDKLog [http-nio-18082-exec-1] Initializing Spring DispatcherServlet 'dispatcherServlet'
2018-12-13 15:40:38,942 INFO org.springframework.web.servlet.FrameworkServlet [http-nio-18082-exec-1] Initializing Servlet 'dispatcherServlet'
2018-12-13 15:40:38,968 INFO org.springframework.web.servlet.FrameworkServlet [http-nio-18082-exec-1] Completed initialization in 25 ms
2018-12-13 15:40:39,009 TRACE cn.ngtoken.logs.controller.LogController [http-nio-18082-exec-1] A TRACE Message
2018-12-13 15:40:39,009 DEBUG cn.ngtoken.logs.controller.LogController [http-nio-18082-exec-1] A DEBUG Message
2018-12-13 15:40:39,010 INFO cn.ngtoken.logs.controller.LogController [http-nio-18082-exec-1] An INFO Message
2018-12-13 15:40:39,010 WARN cn.ngtoken.logs.controller.LogController [http-nio-18082-exec-1] A WARN Message
2018-12-13 15:40:39,010 ERROR cn.ngtoken.logs.controller.LogController [http-nio-18082-exec-1] An ERROR Message
2018-12-13 15:47:46,688 INFO org.springframework.scheduling.concurrent.ExecutorConfigurationSupport [Thread-48] Shutting down ExecutorService 'applicationTaskExecutor'
2018-12-13 15:53:13,625 INFO org.springframework.boot.StartupInfoLogger [main] Starting NgtokenLogsApplication on heidsoftdeMacBook-Pro.local with PID 4809 (/Users/heidsoft/research/ngtoken/ngtoken-logs/target/classes started by heidsoft in /Users/heidsoft/research/ngtoken)
2018-12-13 15:53:13,629 DEBUG org.springframework.boot.StartupInfoLogger [main] Running with Spring Boot v2.1.1.RELEASE, Spring v5.1.3.RELEASE
2018-12-13 15:53:13,634 INFO org.springframework.boot.SpringApplication [main] No active profile set, falling back to default profiles: default
2018-12-13 15:53:14,860 INFO org.springframework.boot.web.embedded.tomcat.TomcatWebServer [main] Tomcat initialized with port(s): 18082 (http)
2018-12-13 15:53:14,875 INFO org.apache.juli.logging.DirectJDKLog [main] Initializing ProtocolHandler ["http-nio-18082"]
2018-12-13 15:53:14,885 INFO org.apache.juli.logging.DirectJDKLog [main] Starting service [Tomcat]
2018-12-13 15:53:14,886 INFO org.apache.juli.logging.DirectJDKLog [main] Starting Servlet Engine: Apache Tomcat/9.0.13
2018-12-13 15:53:14,893 INFO org.apache.juli.logging.DirectJDKLog [main] The APR based Apache Tomcat Native library which allows optimal performance in production environments was not found on the java.library.path: [/Users/heidsoft/Library/Java/Extensions:/Library/Java/Extensions:/Network/Library/Java/Extensions:/System/Library/Java/Extensions:/usr/lib/java:.]
2018-12-13 15:53:14,985 INFO org.apache.juli.logging.DirectJDKLog [main] Initializing Spring embedded WebApplicationContext
2018-12-13 15:53:14,985 INFO org.springframework.boot.web.servlet.context.ServletWebServerApplicationContext [main] Root WebApplicationContext: initialization completed in 1299 ms
2018-12-13 15:53:15,354 INFO org.springframework.scheduling.concurrent.ExecutorConfigurationSupport [main] Initializing ExecutorService 'applicationTaskExecutor'
2018-12-13 15:53:15,526 INFO org.apache.juli.logging.DirectJDKLog [main] Starting ProtocolHandler ["http-nio-18082"]
2018-12-13 15:53:15,542 INFO org.apache.juli.logging.DirectJDKLog [main] Using a shared selector for servlet write/read
2018-12-13 15:53:15,557 INFO org.springframework.boot.web.embedded.tomcat.TomcatWebServer [main] Tomcat started on port(s): 18082 (http) with context path ''
2018-12-13 15:53:15,561 INFO org.springframework.boot.StartupInfoLogger [main] Started NgtokenLogsApplication in 22.633 seconds (JVM running for 28.598)
2018-12-13 15:58:42,073 INFO org.apache.juli.logging.DirectJDKLog [http-nio-18082-exec-1] Initializing Spring DispatcherServlet 'dispatcherServlet'
2018-12-13 15:58:42,079 INFO org.springframework.web.servlet.FrameworkServlet [http-nio-18082-exec-1] Initializing Servlet 'dispatcherServlet'
2018-12-13 15:58:42,100 INFO org.springframework.web.servlet.FrameworkServlet [http-nio-18082-exec-1] Completed initialization in 21 ms
2018-12-13 15:58:42,134 TRACE cn.ngtoken.logs.controller.LogController [http-nio-18082-exec-1] A TRACE Message
2018-12-13 15:58:42,135 DEBUG cn.ngtoken.logs.controller.LogController [http-nio-18082-exec-1] A DEBUG Message
2018-12-13 15:58:42,136 INFO cn.ngtoken.logs.controller.LogController [http-nio-18082-exec-1] An INFO Message
2018-12-13 15:58:42,136 WARN cn.ngtoken.logs.controller.LogController [http-nio-18082-exec-1] A WARN Message
2018-12-13 15:58:42,139 ERROR cn.ngtoken.logs.controller.LogController [http-nio-18082-exec-1] An ERROR Message
2018-12-13 15:58:56,765 TRACE cn.ngtoken.logs.controller.LogController [http-nio-18082-exec-2] A TRACE Message
2018-12-13 15:58:56,767 DEBUG cn.ngtoken.logs.controller.LogController [http-nio-18082-exec-2] A DEBUG Message
2018-12-13 15:58:56,767 INFO cn.ngtoken.logs.controller.LogController [http-nio-18082-exec-2] An INFO Message
2018-12-13 15:58:56,767 WARN cn.ngtoken.logs.controller.LogController [http-nio-18082-exec-2] A WARN Message
2018-12-13 15:58:56,768 ERROR cn.ngtoken.logs.controller.LogController [http-nio-18082-exec-2] An ERROR Message
2018-12-13 16:07:38,180 INFO org.springframework.scheduling.concurrent.ExecutorConfigurationSupport [Thread-48] Shutting down ExecutorService 'applicationTaskExecutor'
2018-12-13 16:08:18,776 INFO org.springframework.boot.StartupInfoLogger [main] Starting NgtokenLogsApplication on heidsoftdeMacBook-Pro.local with PID 4895 (/Users/heidsoft/research/ngtoken/ngtoken-logs/target/classes started by heidsoft in /Users/heidsoft/research/ngtoken)
2018-12-13 16:08:18,785 DEBUG org.springframework.boot.StartupInfoLogger [main] Running with Spring Boot v2.1.1.RELEASE, Spring v5.1.3.RELEASE
2018-12-13 16:08:18,787 INFO org.springframework.boot.SpringApplication [main] No active profile set, falling back to default profiles: default
2018-12-13 16:08:22,601 INFO org.springframework.boot.web.embedded.tomcat.TomcatWebServer [main] Tomcat initialized with port(s): 18082 (http)
2018-12-13 16:08:22,672 INFO org.apache.juli.logging.DirectJDKLog [main] Initializing ProtocolHandler ["http-nio-18082"]
2018-12-13 16:08:22,698 INFO org.apache.juli.logging.DirectJDKLog [main] Starting service [Tomcat]
2018-12-13 16:08:22,699 INFO org.apache.juli.logging.DirectJDKLog [main] Starting Servlet Engine: Apache Tomcat/9.0.13
2018-12-13 16:08:22,731 INFO org.apache.juli.logging.DirectJDKLog [main] The APR based Apache Tomcat Native library which allows optimal performance in production environments was not found on the java.library.path: [/Users/heidsoft/Library/Java/Extensions:/Library/Java/Extensions:/Network/Library/Java/Extensions:/System/Library/Java/Extensions:/usr/lib/java:.]
2018-12-13 16:08:23,233 INFO org.apache.juli.logging.DirectJDKLog [main] Initializing Spring embedded WebApplicationContext
2018-12-13 16:08:23,237 INFO org.springframework.boot.web.servlet.context.ServletWebServerApplicationContext [main] Root WebApplicationContext: initialization completed in 4407 ms
2018-12-13 16:08:24,441 INFO org.springframework.scheduling.concurrent.ExecutorConfigurationSupport [main] Initializing ExecutorService 'applicationTaskExecutor'
2018-12-13 16:08:24,495 INFO cn.ngtoken.logs.config.MvcConfig [main] go to addInterceptors 
2018-12-13 16:08:25,027 INFO org.apache.juli.logging.DirectJDKLog [main] Starting ProtocolHandler ["http-nio-18082"]
2018-12-13 16:08:25,144 INFO org.apache.juli.logging.DirectJDKLog [main] Using a shared selector for servlet write/read
2018-12-13 16:08:25,210 INFO org.springframework.boot.web.embedded.tomcat.TomcatWebServer [main] Tomcat started on port(s): 18082 (http) with context path ''
2018-12-13 16:08:25,229 INFO org.springframework.boot.StartupInfoLogger [main] Started NgtokenLogsApplication in 27.001 seconds (JVM running for 34.042)
2018-12-13 16:08:43,190 INFO org.apache.juli.logging.DirectJDKLog [http-nio-18082-exec-1] Initializing Spring DispatcherServlet 'dispatcherServlet'
2018-12-13 16:08:43,196 INFO org.springframework.web.servlet.FrameworkServlet [http-nio-18082-exec-1] Initializing Servlet 'dispatcherServlet'
2018-12-13 16:08:43,216 INFO org.springframework.web.servlet.FrameworkServlet [http-nio-18082-exec-1] Completed initialization in 20 ms
2018-12-13 16:08:43,285 INFO cn.ngtoken.logs.interceptor.LogInterceptor [http-nio-18082-exec-1] put requestId (53005260-a81b-4e8a-a545-6e334899f65a) to logger
2018-12-13 16:08:43,287 INFO cn.ngtoken.logs.interceptor.LogInterceptor [http-nio-18082-exec-1] request id:53005260-a81b-4e8a-a545-6e334899f65a, client ip:0:0:0:0:0:0:0:1, X-Forwarded-For:null
2018-12-13 16:08:43,313 TRACE cn.ngtoken.logs.controller.LogController [http-nio-18082-exec-1] A TRACE Message
2018-12-13 16:08:43,316 DEBUG cn.ngtoken.logs.controller.LogController [http-nio-18082-exec-1] A DEBUG Message
2018-12-13 16:08:43,318 INFO cn.ngtoken.logs.controller.LogController [http-nio-18082-exec-1] An INFO Message
2018-12-13 16:08:43,319 WARN cn.ngtoken.logs.controller.LogController [http-nio-18082-exec-1] A WARN Message
2018-12-13 16:08:43,320 ERROR cn.ngtoken.logs.controller.LogController [http-nio-18082-exec-1] An ERROR Message
2018-12-13 16:08:43,381 INFO cn.ngtoken.logs.interceptor.LogInterceptor [http-nio-18082-exec-1] remove requestId (53005260-a81b-4e8a-a545-6e334899f65a) from logger
2018-12-13 16:21:44,793 INFO org.springframework.scheduling.concurrent.ExecutorConfigurationSupport [Thread-56] Shutting down ExecutorService 'applicationTaskExecutor'
